<testsuites id="" name="" tests="387" failures="314" skipped="73" errors="0" time="162.861864">
<testsuite name="admin.spec.ts" timestamp="2025-11-12T08:01:22.534Z" hostname="chromium" tests="5" failures="5" skipped="0" time="55.324" errors="0">
<testcase name="Admin Pages › admin can view dashboard" classname="admin.spec.ts" time="11.03">
<failure message="admin.spec.ts:17:7 admin can view dashboard" type="FAILURE">
<![CDATA[  [chromium] › admin.spec.ts:17:7 › Admin Pages › admin can view dashboard ─────────────────────────

    Error: expect(page).toHaveURL(expected) failed

    Expected pattern: /\/admin/
    Received string:  "http://localhost:4200/login"
    Timeout: 10000ms

    Call log:
      - Expect "toHaveURL" with timeout 10000ms
        14 × unexpected value "http://localhost:4200/login"


      12 |     
      13 |     // Wait for navigation to admin dashboard
    > 14 |     await expect(page).toHaveURL(/\/admin/);
         |                        ^
      15 |   });
      16 |
      17 |   test('admin can view dashboard', async ({ page }) => {
        at /Users/bartlomiejzimny/Projects/accounting/web-e2e/src/admin.spec.ts:14:24

    Error Context: ../../dist/.playwright/web-e2e/test-output/admin-Admin-Pages-admin-can-view-dashboard-chromium/error-context.md
]]>
</failure>
<system-out>
<![CDATA[
[[ATTACHMENT|../../dist/.playwright/web-e2e/test-output/admin-Admin-Pages-admin-can-view-dashboard-chromium/error-context.md]]
]]>
</system-out>
</testcase>
<testcase name="Admin Pages › admin can navigate to users page" classname="admin.spec.ts" time="11.058">
<failure message="admin.spec.ts:22:7 admin can navigate to users page" type="FAILURE">
<![CDATA[  [chromium] › admin.spec.ts:22:7 › Admin Pages › admin can navigate to users page ─────────────────

    Error: expect(page).toHaveURL(expected) failed

    Expected pattern: /\/admin/
    Received string:  "http://localhost:4200/login"
    Timeout: 10000ms

    Call log:
      - Expect "toHaveURL" with timeout 10000ms
        14 × unexpected value "http://localhost:4200/login"


      12 |     
      13 |     // Wait for navigation to admin dashboard
    > 14 |     await expect(page).toHaveURL(/\/admin/);
         |                        ^
      15 |   });
      16 |
      17 |   test('admin can view dashboard', async ({ page }) => {
        at /Users/bartlomiejzimny/Projects/accounting/web-e2e/src/admin.spec.ts:14:24

    Error Context: ../../dist/.playwright/web-e2e/test-output/admin-Admin-Pages-admin-can-navigate-to-users-page-chromium/error-context.md
]]>
</failure>
<system-out>
<![CDATA[
[[ATTACHMENT|../../dist/.playwright/web-e2e/test-output/admin-Admin-Pages-admin-can-navigate-to-users-page-chromium/error-context.md]]
]]>
</system-out>
</testcase>
<testcase name="Admin Pages › admin can create a user" classname="admin.spec.ts" time="11.09">
<failure message="admin.spec.ts:28:7 admin can create a user" type="FAILURE">
<![CDATA[  [chromium] › admin.spec.ts:28:7 › Admin Pages › admin can create a user ──────────────────────────

    Error: expect(page).toHaveURL(expected) failed

    Expected pattern: /\/admin/
    Received string:  "http://localhost:4200/login"
    Timeout: 10000ms

    Call log:
      - Expect "toHaveURL" with timeout 10000ms
        14 × unexpected value "http://localhost:4200/login"


      12 |     
      13 |     // Wait for navigation to admin dashboard
    > 14 |     await expect(page).toHaveURL(/\/admin/);
         |                        ^
      15 |   });
      16 |
      17 |   test('admin can view dashboard', async ({ page }) => {
        at /Users/bartlomiejzimny/Projects/accounting/web-e2e/src/admin.spec.ts:14:24

    Error Context: ../../dist/.playwright/web-e2e/test-output/admin-Admin-Pages-admin-can-create-a-user-chromium/error-context.md
]]>
</failure>
<system-out>
<![CDATA[
[[ATTACHMENT|../../dist/.playwright/web-e2e/test-output/admin-Admin-Pages-admin-can-create-a-user-chromium/error-context.md]]
]]>
</system-out>
</testcase>
<testcase name="Admin Pages › admin can view companies" classname="admin.spec.ts" time="11.07">
<failure message="admin.spec.ts:43:7 admin can view companies" type="FAILURE">
<![CDATA[  [chromium] › admin.spec.ts:43:7 › Admin Pages › admin can view companies ─────────────────────────

    Error: expect(page).toHaveURL(expected) failed

    Expected pattern: /\/admin/
    Received string:  "http://localhost:4200/login"
    Timeout: 10000ms

    Call log:
      - Expect "toHaveURL" with timeout 10000ms
        14 × unexpected value "http://localhost:4200/login"


      12 |     
      13 |     // Wait for navigation to admin dashboard
    > 14 |     await expect(page).toHaveURL(/\/admin/);
         |                        ^
      15 |   });
      16 |
      17 |   test('admin can view dashboard', async ({ page }) => {
        at /Users/bartlomiejzimny/Projects/accounting/web-e2e/src/admin.spec.ts:14:24

    Error Context: ../../dist/.playwright/web-e2e/test-output/admin-Admin-Pages-admin-can-view-companies-chromium/error-context.md
]]>
</failure>
<system-out>
<![CDATA[
[[ATTACHMENT|../../dist/.playwright/web-e2e/test-output/admin-Admin-Pages-admin-can-view-companies-chromium/error-context.md]]
]]>
</system-out>
</testcase>
<testcase name="Admin Pages › admin can view modules" classname="admin.spec.ts" time="11.076">
<failure message="admin.spec.ts:49:7 admin can view modules" type="FAILURE">
<![CDATA[  [chromium] › admin.spec.ts:49:7 › Admin Pages › admin can view modules ───────────────────────────

    Error: expect(page).toHaveURL(expected) failed

    Expected pattern: /\/admin/
    Received string:  "http://localhost:4200/login"
    Timeout: 10000ms

    Call log:
      - Expect "toHaveURL" with timeout 10000ms
        14 × unexpected value "http://localhost:4200/login"


      12 |     
      13 |     // Wait for navigation to admin dashboard
    > 14 |     await expect(page).toHaveURL(/\/admin/);
         |                        ^
      15 |   });
      16 |
      17 |   test('admin can view dashboard', async ({ page }) => {
        at /Users/bartlomiejzimny/Projects/accounting/web-e2e/src/admin.spec.ts:14:24

    Error Context: ../../dist/.playwright/web-e2e/test-output/admin-Admin-Pages-admin-can-view-modules-chromium/error-context.md
]]>
</failure>
<system-out>
<![CDATA[
[[ATTACHMENT|../../dist/.playwright/web-e2e/test-output/admin-Admin-Pages-admin-can-view-modules-chromium/error-context.md]]
]]>
</system-out>
</testcase>
</testsuite>
<testsuite name="example.spec.ts" timestamp="2025-11-12T08:01:22.534Z" hostname="chromium" tests="1" failures="1" skipped="0" time="1.201" errors="0">
<testcase name="has title" classname="example.spec.ts" time="1.201">
<failure message="example.spec.ts:3:5 has title" type="FAILURE">
<![CDATA[  [chromium] › example.spec.ts:3:5 › has title ─────────────────────────────────────────────────────

    Error: page.goto: net::ERR_CONNECTION_REFUSED at http://localhost:4200/
    Call log:
      - navigating to "http://localhost:4200/", waiting until "load"


      2 |
      3 | test('has title', async ({ page }) => {
    > 4 |   await page.goto('/');
        |              ^
      5 |
      6 |   // Expect h1 to contain a substring.
      7 |   expect(await page.locator('h1').innerText()).toContain('Welcome');
        at /Users/bartlomiejzimny/Projects/accounting/web-e2e/src/example.spec.ts:4:14
]]>
</failure>
</testcase>
</testsuite>
<testsuite name="rbac.spec.ts" timestamp="2025-11-12T08:01:22.534Z" hostname="chromium" tests="4" failures="4" skipped="0" time="4.79" errors="0">
<testcase name="RBAC Scenarios › ADMIN cannot access business module data" classname="rbac.spec.ts" time="1.179">
<failure message="rbac.spec.ts:4:7 ADMIN cannot access business module data" type="FAILURE">
<![CDATA[  [chromium] › rbac.spec.ts:4:7 › RBAC Scenarios › ADMIN cannot access business module data ────────

    Error: page.goto: net::ERR_CONNECTION_REFUSED at http://localhost:4200/login
    Call log:
      - navigating to "http://localhost:4200/login", waiting until "load"


      3 | test.describe('RBAC Scenarios', () => {
      4 |   test('ADMIN cannot access business module data', async ({ page }) => {
    > 5 |     await page.goto('http://localhost:4200/login');
        |                ^
      6 |     await page.fill('[name="email"]', 'admin@system.com');
      7 |     await page.fill('[name="password"]', 'Admin123!');
      8 |     await page.click('button[type="submit"]');
        at /Users/bartlomiejzimny/Projects/accounting/web-e2e/src/rbac.spec.ts:5:16
]]>
</failure>
</testcase>
<testcase name="RBAC Scenarios › COMPANY_OWNER can manage employees" classname="rbac.spec.ts" time="1.214">
<failure message="rbac.spec.ts:18:7 COMPANY_OWNER can manage employees" type="FAILURE">
<![CDATA[  [chromium] › rbac.spec.ts:18:7 › RBAC Scenarios › COMPANY_OWNER can manage employees ─────────────

    Error: page.goto: net::ERR_CONNECTION_REFUSED at http://localhost:4200/login
    Call log:
      - navigating to "http://localhost:4200/login", waiting until "load"


      17 |
      18 |   test('COMPANY_OWNER can manage employees', async ({ page }) => {
    > 19 |     await page.goto('http://localhost:4200/login');
         |                ^
      20 |     await page.fill('[name="email"]', 'owner.a@company.com');
      21 |     await page.fill('[name="password"]', 'Owner123!');
      22 |     await page.click('button[type="submit"]');
        at /Users/bartlomiejzimny/Projects/accounting/web-e2e/src/rbac.spec.ts:19:16
]]>
</failure>
</testcase>
<testcase name="RBAC Scenarios › EMPLOYEE with read permission can view texts" classname="rbac.spec.ts" time="1.187">
<failure message="rbac.spec.ts:29:7 EMPLOYEE with read permission can view texts" type="FAILURE">
<![CDATA[  [chromium] › rbac.spec.ts:29:7 › RBAC Scenarios › EMPLOYEE with read permission can view texts ───

    Error: page.goto: net::ERR_CONNECTION_REFUSED at http://localhost:4200/login
    Call log:
      - navigating to "http://localhost:4200/login", waiting until "load"


      28 |
      29 |   test('EMPLOYEE with read permission can view texts', async ({ page }) => {
    > 30 |     await page.goto('http://localhost:4200/login');
         |                ^
      31 |     await page.fill('[name="email"]', 'employee1.a@company.com');
      32 |     await page.fill('[name="password"]', 'Employee123!');
      33 |     await page.click('button[type="submit"]');
        at /Users/bartlomiejzimny/Projects/accounting/web-e2e/src/rbac.spec.ts:30:16
]]>
</failure>
</testcase>
<testcase name="RBAC Scenarios › EMPLOYEE without write permission cannot create text" classname="rbac.spec.ts" time="1.21">
<failure message="rbac.spec.ts:39:7 EMPLOYEE without write permission cannot create text" type="FAILURE">
<![CDATA[  [chromium] › rbac.spec.ts:39:7 › RBAC Scenarios › EMPLOYEE without write permission cannot create text 

    Error: page.goto: net::ERR_CONNECTION_REFUSED at http://localhost:4200/login
    Call log:
      - navigating to "http://localhost:4200/login", waiting until "load"


      38 |
      39 |   test('EMPLOYEE without write permission cannot create text', async ({ page }) => {
    > 40 |     await page.goto('http://localhost:4200/login');
         |                ^
      41 |     await page.fill('[name="email"]', 'employee2.a@company.com'); // Only read permission
      42 |     await page.fill('[name="password"]', 'Employee123!');
      43 |     await page.click('button[type="submit"]');
        at /Users/bartlomiejzimny/Projects/accounting/web-e2e/src/rbac.spec.ts:40:16
]]>
</failure>
</testcase>
</testsuite>
<testsuite name="tests/admin-workflows.spec.ts" timestamp="2025-11-12T08:01:22.534Z" hostname="chromium" tests="23" failures="23" skipped="0" time="27.138" errors="0">
<testcase name="Admin - User Management › should view users list with pagination" classname="tests/admin-workflows.spec.ts" time="1.178">
<failure message="admin-workflows.spec.ts:10:7 should view users list with pagination" type="FAILURE">
<![CDATA[  [chromium] › tests/admin-workflows.spec.ts:10:7 › Admin - User Management › should view users list with pagination 

    Error: page.goto: net::ERR_CONNECTION_REFUSED at http://localhost:4200/login
    Call log:
      - navigating to "http://localhost:4200/login", waiting until "load"


       at pages/base/BasePage.ts:20

      18 |    */
      19 |   async goto(path: string): Promise<void> {
    > 20 |     await this.page.goto(`${this.baseURL}${path}`);
         |                     ^
      21 |     await this.waitForPageLoad();
      22 |   }
      23 |
        at LoginPage.goto (/Users/bartlomiejzimny/Projects/accounting/web-e2e/src/pages/base/BasePage.ts:20:21)
        at LoginPage.goto (/Users/bartlomiejzimny/Projects/accounting/web-e2e/src/pages/auth/LoginPage.ts:30:17)
        at LoginPage.loginAsAdmin (/Users/bartlomiejzimny/Projects/accounting/web-e2e/src/pages/auth/LoginPage.ts:96:16)
        at Object.authenticatedAdminPage (/Users/bartlomiejzimny/Projects/accounting/web-e2e/src/fixtures/auth.fixtures.ts:35:21)
]]>
</failure>
</testcase>
<testcase name="Admin - User Management › should create new ADMIN user" classname="tests/admin-workflows.spec.ts" time="1.162">
<failure message="admin-workflows.spec.ts:18:7 should create new ADMIN user" type="FAILURE">
<![CDATA[  [chromium] › tests/admin-workflows.spec.ts:18:7 › Admin - User Management › should create new ADMIN user 

    Error: page.goto: net::ERR_CONNECTION_REFUSED at http://localhost:4200/login
    Call log:
      - navigating to "http://localhost:4200/login", waiting until "load"


       at pages/base/BasePage.ts:20

      18 |    */
      19 |   async goto(path: string): Promise<void> {
    > 20 |     await this.page.goto(`${this.baseURL}${path}`);
         |                     ^
      21 |     await this.waitForPageLoad();
      22 |   }
      23 |
        at LoginPage.goto (/Users/bartlomiejzimny/Projects/accounting/web-e2e/src/pages/base/BasePage.ts:20:21)
        at LoginPage.goto (/Users/bartlomiejzimny/Projects/accounting/web-e2e/src/pages/auth/LoginPage.ts:30:17)
        at LoginPage.loginAsAdmin (/Users/bartlomiejzimny/Projects/accounting/web-e2e/src/pages/auth/LoginPage.ts:96:16)
        at Object.authenticatedAdminPage (/Users/bartlomiejzimny/Projects/accounting/web-e2e/src/fixtures/auth.fixtures.ts:35:21)
]]>
</failure>
</testcase>
<testcase name="Admin - User Management › should create new COMPANY_OWNER user" classname="tests/admin-workflows.spec.ts" time="1.151">
<failure message="admin-workflows.spec.ts:32:7 should create new COMPANY_OWNER user" type="FAILURE">
<![CDATA[  [chromium] › tests/admin-workflows.spec.ts:32:7 › Admin - User Management › should create new COMPANY_OWNER user 

    Error: page.goto: net::ERR_CONNECTION_REFUSED at http://localhost:4200/login
    Call log:
      - navigating to "http://localhost:4200/login", waiting until "load"


       at pages/base/BasePage.ts:20

      18 |    */
      19 |   async goto(path: string): Promise<void> {
    > 20 |     await this.page.goto(`${this.baseURL}${path}`);
         |                     ^
      21 |     await this.waitForPageLoad();
      22 |   }
      23 |
        at LoginPage.goto (/Users/bartlomiejzimny/Projects/accounting/web-e2e/src/pages/base/BasePage.ts:20:21)
        at LoginPage.goto (/Users/bartlomiejzimny/Projects/accounting/web-e2e/src/pages/auth/LoginPage.ts:30:17)
        at LoginPage.loginAsAdmin (/Users/bartlomiejzimny/Projects/accounting/web-e2e/src/pages/auth/LoginPage.ts:96:16)
        at Object.authenticatedAdminPage (/Users/bartlomiejzimny/Projects/accounting/web-e2e/src/fixtures/auth.fixtures.ts:35:21)
]]>
</failure>
</testcase>
<testcase name="Admin - User Management › should search users by email" classname="tests/admin-workflows.spec.ts" time="1.131">
<failure message="admin-workflows.spec.ts:58:7 should search users by email" type="FAILURE">
<![CDATA[  [chromium] › tests/admin-workflows.spec.ts:58:7 › Admin - User Management › should search users by email 

    Error: page.goto: net::ERR_CONNECTION_REFUSED at http://localhost:4200/login
    Call log:
      - navigating to "http://localhost:4200/login", waiting until "load"


       at pages/base/BasePage.ts:20

      18 |    */
      19 |   async goto(path: string): Promise<void> {
    > 20 |     await this.page.goto(`${this.baseURL}${path}`);
         |                     ^
      21 |     await this.waitForPageLoad();
      22 |   }
      23 |
        at LoginPage.goto (/Users/bartlomiejzimny/Projects/accounting/web-e2e/src/pages/base/BasePage.ts:20:21)
        at LoginPage.goto (/Users/bartlomiejzimny/Projects/accounting/web-e2e/src/pages/auth/LoginPage.ts:30:17)
        at LoginPage.loginAsAdmin (/Users/bartlomiejzimny/Projects/accounting/web-e2e/src/pages/auth/LoginPage.ts:96:16)
        at Object.authenticatedAdminPage (/Users/bartlomiejzimny/Projects/accounting/web-e2e/src/fixtures/auth.fixtures.ts:35:21)
]]>
</failure>
</testcase>
<testcase name="Admin - User Management › should filter users by role" classname="tests/admin-workflows.spec.ts" time="1.146">
<failure message="admin-workflows.spec.ts:67:7 should filter users by role" type="FAILURE">
<![CDATA[  [chromium] › tests/admin-workflows.spec.ts:67:7 › Admin - User Management › should filter users by role 

    Error: page.goto: net::ERR_CONNECTION_REFUSED at http://localhost:4200/login
    Call log:
      - navigating to "http://localhost:4200/login", waiting until "load"


       at pages/base/BasePage.ts:20

      18 |    */
      19 |   async goto(path: string): Promise<void> {
    > 20 |     await this.page.goto(`${this.baseURL}${path}`);
         |                     ^
      21 |     await this.waitForPageLoad();
      22 |   }
      23 |
        at LoginPage.goto (/Users/bartlomiejzimny/Projects/accounting/web-e2e/src/pages/base/BasePage.ts:20:21)
        at LoginPage.goto (/Users/bartlomiejzimny/Projects/accounting/web-e2e/src/pages/auth/LoginPage.ts:30:17)
        at LoginPage.loginAsAdmin (/Users/bartlomiejzimny/Projects/accounting/web-e2e/src/pages/auth/LoginPage.ts:96:16)
        at Object.authenticatedAdminPage (/Users/bartlomiejzimny/Projects/accounting/web-e2e/src/fixtures/auth.fixtures.ts:35:21)
]]>
</failure>
</testcase>
<testcase name="Admin - User Management › should update user details" classname="tests/admin-workflows.spec.ts" time="1.235">
<failure message="admin-workflows.spec.ts:77:7 should update user details" type="FAILURE">
<![CDATA[  [chromium] › tests/admin-workflows.spec.ts:77:7 › Admin - User Management › should update user details 

    Error: page.goto: net::ERR_CONNECTION_REFUSED at http://localhost:4200/login
    Call log:
      - navigating to "http://localhost:4200/login", waiting until "load"


       at pages/base/BasePage.ts:20

      18 |    */
      19 |   async goto(path: string): Promise<void> {
    > 20 |     await this.page.goto(`${this.baseURL}${path}`);
         |                     ^
      21 |     await this.waitForPageLoad();
      22 |   }
      23 |
        at LoginPage.goto (/Users/bartlomiejzimny/Projects/accounting/web-e2e/src/pages/base/BasePage.ts:20:21)
        at LoginPage.goto (/Users/bartlomiejzimny/Projects/accounting/web-e2e/src/pages/auth/LoginPage.ts:30:17)
        at LoginPage.loginAsAdmin (/Users/bartlomiejzimny/Projects/accounting/web-e2e/src/pages/auth/LoginPage.ts:96:16)
        at Object.authenticatedAdminPage (/Users/bartlomiejzimny/Projects/accounting/web-e2e/src/fixtures/auth.fixtures.ts:35:21)
]]>
</failure>
</testcase>
<testcase name="Admin - User Management › should delete user" classname="tests/admin-workflows.spec.ts" time="1.225">
<failure message="admin-workflows.spec.ts:98:7 should delete user" type="FAILURE">
<![CDATA[  [chromium] › tests/admin-workflows.spec.ts:98:7 › Admin - User Management › should delete user ───

    Error: page.goto: net::ERR_CONNECTION_REFUSED at http://localhost:4200/login
    Call log:
      - navigating to "http://localhost:4200/login", waiting until "load"


       at pages/base/BasePage.ts:20

      18 |    */
      19 |   async goto(path: string): Promise<void> {
    > 20 |     await this.page.goto(`${this.baseURL}${path}`);
         |                     ^
      21 |     await this.waitForPageLoad();
      22 |   }
      23 |
        at LoginPage.goto (/Users/bartlomiejzimny/Projects/accounting/web-e2e/src/pages/base/BasePage.ts:20:21)
        at LoginPage.goto (/Users/bartlomiejzimny/Projects/accounting/web-e2e/src/pages/auth/LoginPage.ts:30:17)
        at LoginPage.loginAsAdmin (/Users/bartlomiejzimny/Projects/accounting/web-e2e/src/pages/auth/LoginPage.ts:96:16)
        at Object.authenticatedAdminPage (/Users/bartlomiejzimny/Projects/accounting/web-e2e/src/fixtures/auth.fixtures.ts:35:21)
]]>
</failure>
</testcase>
<testcase name="Admin - User Management › should validate email format" classname="tests/admin-workflows.spec.ts" time="1.242">
<failure message="admin-workflows.spec.ts:114:7 should validate email format" type="FAILURE">
<![CDATA[  [chromium] › tests/admin-workflows.spec.ts:114:7 › Admin - User Management › should validate email format 

    Error: page.goto: net::ERR_CONNECTION_REFUSED at http://localhost:4200/login
    Call log:
      - navigating to "http://localhost:4200/login", waiting until "load"


       at pages/base/BasePage.ts:20

      18 |    */
      19 |   async goto(path: string): Promise<void> {
    > 20 |     await this.page.goto(`${this.baseURL}${path}`);
         |                     ^
      21 |     await this.waitForPageLoad();
      22 |   }
      23 |
        at LoginPage.goto (/Users/bartlomiejzimny/Projects/accounting/web-e2e/src/pages/base/BasePage.ts:20:21)
        at LoginPage.goto (/Users/bartlomiejzimny/Projects/accounting/web-e2e/src/pages/auth/LoginPage.ts:30:17)
        at LoginPage.loginAsAdmin (/Users/bartlomiejzimny/Projects/accounting/web-e2e/src/pages/auth/LoginPage.ts:96:16)
        at Object.authenticatedAdminPage (/Users/bartlomiejzimny/Projects/accounting/web-e2e/src/fixtures/auth.fixtures.ts:35:21)
]]>
</failure>
</testcase>
<testcase name="Admin - User Management › should validate password strength" classname="tests/admin-workflows.spec.ts" time="1.136">
<failure message="admin-workflows.spec.ts:130:7 should validate password strength" type="FAILURE">
<![CDATA[  [chromium] › tests/admin-workflows.spec.ts:130:7 › Admin - User Management › should validate password strength 

    Error: page.goto: net::ERR_CONNECTION_REFUSED at http://localhost:4200/login
    Call log:
      - navigating to "http://localhost:4200/login", waiting until "load"


       at pages/base/BasePage.ts:20

      18 |    */
      19 |   async goto(path: string): Promise<void> {
    > 20 |     await this.page.goto(`${this.baseURL}${path}`);
         |                     ^
      21 |     await this.waitForPageLoad();
      22 |   }
      23 |
        at LoginPage.goto (/Users/bartlomiejzimny/Projects/accounting/web-e2e/src/pages/base/BasePage.ts:20:21)
        at LoginPage.goto (/Users/bartlomiejzimny/Projects/accounting/web-e2e/src/pages/auth/LoginPage.ts:30:17)
        at LoginPage.loginAsAdmin (/Users/bartlomiejzimny/Projects/accounting/web-e2e/src/pages/auth/LoginPage.ts:96:16)
        at Object.authenticatedAdminPage (/Users/bartlomiejzimny/Projects/accounting/web-e2e/src/fixtures/auth.fixtures.ts:35:21)
]]>
</failure>
</testcase>
<testcase name="Admin - User Management › should prevent duplicate email" classname="tests/admin-workflows.spec.ts" time="1.126">
<failure message="admin-workflows.spec.ts:146:7 should prevent duplicate email" type="FAILURE">
<![CDATA[  [chromium] › tests/admin-workflows.spec.ts:146:7 › Admin - User Management › should prevent duplicate email 

    Error: page.goto: net::ERR_CONNECTION_REFUSED at http://localhost:4200/login
    Call log:
      - navigating to "http://localhost:4200/login", waiting until "load"


       at pages/base/BasePage.ts:20

      18 |    */
      19 |   async goto(path: string): Promise<void> {
    > 20 |     await this.page.goto(`${this.baseURL}${path}`);
         |                     ^
      21 |     await this.waitForPageLoad();
      22 |   }
      23 |
        at LoginPage.goto (/Users/bartlomiejzimny/Projects/accounting/web-e2e/src/pages/base/BasePage.ts:20:21)
        at LoginPage.goto (/Users/bartlomiejzimny/Projects/accounting/web-e2e/src/pages/auth/LoginPage.ts:30:17)
        at LoginPage.loginAsAdmin (/Users/bartlomiejzimny/Projects/accounting/web-e2e/src/pages/auth/LoginPage.ts:96:16)
        at Object.authenticatedAdminPage (/Users/bartlomiejzimny/Projects/accounting/web-e2e/src/fixtures/auth.fixtures.ts:35:21)
]]>
</failure>
</testcase>
<testcase name="Admin - Company Management › should view companies list" classname="tests/admin-workflows.spec.ts" time="1.184">
<failure message="admin-workflows.spec.ts:166:7 should view companies list" type="FAILURE">
<![CDATA[  [chromium] › tests/admin-workflows.spec.ts:166:7 › Admin - Company Management › should view companies list 

    Error: page.goto: net::ERR_CONNECTION_REFUSED at http://localhost:4200/login
    Call log:
      - navigating to "http://localhost:4200/login", waiting until "load"


       at pages/base/BasePage.ts:20

      18 |    */
      19 |   async goto(path: string): Promise<void> {
    > 20 |     await this.page.goto(`${this.baseURL}${path}`);
         |                     ^
      21 |     await this.waitForPageLoad();
      22 |   }
      23 |
        at LoginPage.goto (/Users/bartlomiejzimny/Projects/accounting/web-e2e/src/pages/base/BasePage.ts:20:21)
        at LoginPage.goto (/Users/bartlomiejzimny/Projects/accounting/web-e2e/src/pages/auth/LoginPage.ts:30:17)
        at LoginPage.loginAsAdmin (/Users/bartlomiejzimny/Projects/accounting/web-e2e/src/pages/auth/LoginPage.ts:96:16)
        at Object.authenticatedAdminPage (/Users/bartlomiejzimny/Projects/accounting/web-e2e/src/fixtures/auth.fixtures.ts:35:21)
]]>
</failure>
</testcase>
<testcase name="Admin - Company Management › should create new company" classname="tests/admin-workflows.spec.ts" time="1.157">
<failure message="admin-workflows.spec.ts:174:7 should create new company" type="FAILURE">
<![CDATA[  [chromium] › tests/admin-workflows.spec.ts:174:7 › Admin - Company Management › should create new company 

    Error: page.goto: net::ERR_CONNECTION_REFUSED at http://localhost:4200/login
    Call log:
      - navigating to "http://localhost:4200/login", waiting until "load"


       at pages/base/BasePage.ts:20

      18 |    */
      19 |   async goto(path: string): Promise<void> {
    > 20 |     await this.page.goto(`${this.baseURL}${path}`);
         |                     ^
      21 |     await this.waitForPageLoad();
      22 |   }
      23 |
        at LoginPage.goto (/Users/bartlomiejzimny/Projects/accounting/web-e2e/src/pages/base/BasePage.ts:20:21)
        at LoginPage.goto (/Users/bartlomiejzimny/Projects/accounting/web-e2e/src/pages/auth/LoginPage.ts:30:17)
        at LoginPage.loginAsAdmin (/Users/bartlomiejzimny/Projects/accounting/web-e2e/src/pages/auth/LoginPage.ts:96:16)
        at Object.authenticatedAdminPage (/Users/bartlomiejzimny/Projects/accounting/web-e2e/src/fixtures/auth.fixtures.ts:35:21)
]]>
</failure>
</testcase>
<testcase name="Admin - Company Management › should search companies by name" classname="tests/admin-workflows.spec.ts" time="1.165">
<failure message="admin-workflows.spec.ts:188:7 should search companies by name" type="FAILURE">
<![CDATA[  [chromium] › tests/admin-workflows.spec.ts:188:7 › Admin - Company Management › should search companies by name 

    Error: page.goto: net::ERR_CONNECTION_REFUSED at http://localhost:4200/login
    Call log:
      - navigating to "http://localhost:4200/login", waiting until "load"


       at pages/base/BasePage.ts:20

      18 |    */
      19 |   async goto(path: string): Promise<void> {
    > 20 |     await this.page.goto(`${this.baseURL}${path}`);
         |                     ^
      21 |     await this.waitForPageLoad();
      22 |   }
      23 |
        at LoginPage.goto (/Users/bartlomiejzimny/Projects/accounting/web-e2e/src/pages/base/BasePage.ts:20:21)
        at LoginPage.goto (/Users/bartlomiejzimny/Projects/accounting/web-e2e/src/pages/auth/LoginPage.ts:30:17)
        at LoginPage.loginAsAdmin (/Users/bartlomiejzimny/Projects/accounting/web-e2e/src/pages/auth/LoginPage.ts:96:16)
        at Object.authenticatedAdminPage (/Users/bartlomiejzimny/Projects/accounting/web-e2e/src/fixtures/auth.fixtures.ts:35:21)
]]>
</failure>
</testcase>
<testcase name="Admin - Company Management › should update company details" classname="tests/admin-workflows.spec.ts" time="1.125">
<failure message="admin-workflows.spec.ts:197:7 should update company details" type="FAILURE">
<![CDATA[  [chromium] › tests/admin-workflows.spec.ts:197:7 › Admin - Company Management › should update company details 

    Error: page.goto: net::ERR_CONNECTION_REFUSED at http://localhost:4200/login
    Call log:
      - navigating to "http://localhost:4200/login", waiting until "load"


       at pages/base/BasePage.ts:20

      18 |    */
      19 |   async goto(path: string): Promise<void> {
    > 20 |     await this.page.goto(`${this.baseURL}${path}`);
         |                     ^
      21 |     await this.waitForPageLoad();
      22 |   }
      23 |
        at LoginPage.goto (/Users/bartlomiejzimny/Projects/accounting/web-e2e/src/pages/base/BasePage.ts:20:21)
        at LoginPage.goto (/Users/bartlomiejzimny/Projects/accounting/web-e2e/src/pages/auth/LoginPage.ts:30:17)
        at LoginPage.loginAsAdmin (/Users/bartlomiejzimny/Projects/accounting/web-e2e/src/pages/auth/LoginPage.ts:96:16)
        at Object.authenticatedAdminPage (/Users/bartlomiejzimny/Projects/accounting/web-e2e/src/fixtures/auth.fixtures.ts:35:21)
]]>
</failure>
</testcase>
<testcase name="Admin - Company Management › should delete company" classname="tests/admin-workflows.spec.ts" time="1.139">
<failure message="admin-workflows.spec.ts:218:7 should delete company" type="FAILURE">
<![CDATA[  [chromium] › tests/admin-workflows.spec.ts:218:7 › Admin - Company Management › should delete company 

    Error: page.goto: net::ERR_CONNECTION_REFUSED at http://localhost:4200/login
    Call log:
      - navigating to "http://localhost:4200/login", waiting until "load"


       at pages/base/BasePage.ts:20

      18 |    */
      19 |   async goto(path: string): Promise<void> {
    > 20 |     await this.page.goto(`${this.baseURL}${path}`);
         |                     ^
      21 |     await this.waitForPageLoad();
      22 |   }
      23 |
        at LoginPage.goto (/Users/bartlomiejzimny/Projects/accounting/web-e2e/src/pages/base/BasePage.ts:20:21)
        at LoginPage.goto (/Users/bartlomiejzimny/Projects/accounting/web-e2e/src/pages/auth/LoginPage.ts:30:17)
        at LoginPage.loginAsAdmin (/Users/bartlomiejzimny/Projects/accounting/web-e2e/src/pages/auth/LoginPage.ts:96:16)
        at Object.authenticatedAdminPage (/Users/bartlomiejzimny/Projects/accounting/web-e2e/src/fixtures/auth.fixtures.ts:35:21)
]]>
</failure>
</testcase>
<testcase name="Admin - Company Management › should validate company name required" classname="tests/admin-workflows.spec.ts" time="1.189">
<failure message="admin-workflows.spec.ts:234:7 should validate company name required" type="FAILURE">
<![CDATA[  [chromium] › tests/admin-workflows.spec.ts:234:7 › Admin - Company Management › should validate company name required 

    Error: page.goto: net::ERR_CONNECTION_REFUSED at http://localhost:4200/login
    Call log:
      - navigating to "http://localhost:4200/login", waiting until "load"


       at pages/base/BasePage.ts:20

      18 |    */
      19 |   async goto(path: string): Promise<void> {
    > 20 |     await this.page.goto(`${this.baseURL}${path}`);
         |                     ^
      21 |     await this.waitForPageLoad();
      22 |   }
      23 |
        at LoginPage.goto (/Users/bartlomiejzimny/Projects/accounting/web-e2e/src/pages/base/BasePage.ts:20:21)
        at LoginPage.goto (/Users/bartlomiejzimny/Projects/accounting/web-e2e/src/pages/auth/LoginPage.ts:30:17)
        at LoginPage.loginAsAdmin (/Users/bartlomiejzimny/Projects/accounting/web-e2e/src/pages/auth/LoginPage.ts:96:16)
        at Object.authenticatedAdminPage (/Users/bartlomiejzimny/Projects/accounting/web-e2e/src/fixtures/auth.fixtures.ts:35:21)
]]>
</failure>
</testcase>
<testcase name="Admin - Company Management › should manage company modules" classname="tests/admin-workflows.spec.ts" time="1.18">
<failure message="admin-workflows.spec.ts:247:7 should manage company modules" type="FAILURE">
<![CDATA[  [chromium] › tests/admin-workflows.spec.ts:247:7 › Admin - Company Management › should manage company modules 

    Error: page.goto: net::ERR_CONNECTION_REFUSED at http://localhost:4200/login
    Call log:
      - navigating to "http://localhost:4200/login", waiting until "load"


       at pages/base/BasePage.ts:20

      18 |    */
      19 |   async goto(path: string): Promise<void> {
    > 20 |     await this.page.goto(`${this.baseURL}${path}`);
         |                     ^
      21 |     await this.waitForPageLoad();
      22 |   }
      23 |
        at LoginPage.goto (/Users/bartlomiejzimny/Projects/accounting/web-e2e/src/pages/base/BasePage.ts:20:21)
        at LoginPage.goto (/Users/bartlomiejzimny/Projects/accounting/web-e2e/src/pages/auth/LoginPage.ts:30:17)
        at LoginPage.loginAsAdmin (/Users/bartlomiejzimny/Projects/accounting/web-e2e/src/pages/auth/LoginPage.ts:96:16)
        at Object.authenticatedAdminPage (/Users/bartlomiejzimny/Projects/accounting/web-e2e/src/fixtures/auth.fixtures.ts:35:21)
]]>
</failure>
</testcase>
<testcase name="Admin - Module Management › should view modules list" classname="tests/admin-workflows.spec.ts" time="1.167">
<failure message="admin-workflows.spec.ts:259:7 should view modules list" type="FAILURE">
<![CDATA[  [chromium] › tests/admin-workflows.spec.ts:259:7 › Admin - Module Management › should view modules list 

    Error: page.goto: net::ERR_CONNECTION_REFUSED at http://localhost:4200/login
    Call log:
      - navigating to "http://localhost:4200/login", waiting until "load"


       at pages/base/BasePage.ts:20

      18 |    */
      19 |   async goto(path: string): Promise<void> {
    > 20 |     await this.page.goto(`${this.baseURL}${path}`);
         |                     ^
      21 |     await this.waitForPageLoad();
      22 |   }
      23 |
        at LoginPage.goto (/Users/bartlomiejzimny/Projects/accounting/web-e2e/src/pages/base/BasePage.ts:20:21)
        at LoginPage.goto (/Users/bartlomiejzimny/Projects/accounting/web-e2e/src/pages/auth/LoginPage.ts:30:17)
        at LoginPage.loginAsAdmin (/Users/bartlomiejzimny/Projects/accounting/web-e2e/src/pages/auth/LoginPage.ts:96:16)
        at Object.authenticatedAdminPage (/Users/bartlomiejzimny/Projects/accounting/web-e2e/src/fixtures/auth.fixtures.ts:35:21)
]]>
</failure>
</testcase>
<testcase name="Admin - Module Management › should enable module for company" classname="tests/admin-workflows.spec.ts" time="1.137">
<failure message="admin-workflows.spec.ts:266:7 should enable module for company" type="FAILURE">
<![CDATA[  [chromium] › tests/admin-workflows.spec.ts:266:7 › Admin - Module Management › should enable module for company 

    Error: page.goto: net::ERR_CONNECTION_REFUSED at http://localhost:4200/login
    Call log:
      - navigating to "http://localhost:4200/login", waiting until "load"


       at pages/base/BasePage.ts:20

      18 |    */
      19 |   async goto(path: string): Promise<void> {
    > 20 |     await this.page.goto(`${this.baseURL}${path}`);
         |                     ^
      21 |     await this.waitForPageLoad();
      22 |   }
      23 |
        at LoginPage.goto (/Users/bartlomiejzimny/Projects/accounting/web-e2e/src/pages/base/BasePage.ts:20:21)
        at LoginPage.goto (/Users/bartlomiejzimny/Projects/accounting/web-e2e/src/pages/auth/LoginPage.ts:30:17)
        at LoginPage.loginAsAdmin (/Users/bartlomiejzimny/Projects/accounting/web-e2e/src/pages/auth/LoginPage.ts:96:16)
        at Object.authenticatedAdminPage (/Users/bartlomiejzimny/Projects/accounting/web-e2e/src/fixtures/auth.fixtures.ts:35:21)
]]>
</failure>
</testcase>
<testcase name="Admin - Module Management › should disable module for company" classname="tests/admin-workflows.spec.ts" time="1.126">
<failure message="admin-workflows.spec.ts:275:7 should disable module for company" type="FAILURE">
<![CDATA[  [chromium] › tests/admin-workflows.spec.ts:275:7 › Admin - Module Management › should disable module for company 

    Error: page.goto: net::ERR_CONNECTION_REFUSED at http://localhost:4200/login
    Call log:
      - navigating to "http://localhost:4200/login", waiting until "load"


       at pages/base/BasePage.ts:20

      18 |    */
      19 |   async goto(path: string): Promise<void> {
    > 20 |     await this.page.goto(`${this.baseURL}${path}`);
         |                     ^
      21 |     await this.waitForPageLoad();
      22 |   }
      23 |
        at LoginPage.goto (/Users/bartlomiejzimny/Projects/accounting/web-e2e/src/pages/base/BasePage.ts:20:21)
        at LoginPage.goto (/Users/bartlomiejzimny/Projects/accounting/web-e2e/src/pages/auth/LoginPage.ts:30:17)
        at LoginPage.loginAsAdmin (/Users/bartlomiejzimny/Projects/accounting/web-e2e/src/pages/auth/LoginPage.ts:96:16)
        at Object.authenticatedAdminPage (/Users/bartlomiejzimny/Projects/accounting/web-e2e/src/fixtures/auth.fixtures.ts:35:21)
]]>
</failure>
</testcase>
<testcase name="Admin - Module Management › should filter modules by company" classname="tests/admin-workflows.spec.ts" time="1.279">
<failure message="admin-workflows.spec.ts:289:7 should filter modules by company" type="FAILURE">
<![CDATA[  [chromium] › tests/admin-workflows.spec.ts:289:7 › Admin - Module Management › should filter modules by company 

    Error: page.goto: net::ERR_CONNECTION_REFUSED at http://localhost:4200/login
    Call log:
      - navigating to "http://localhost:4200/login", waiting until "load"


       at pages/base/BasePage.ts:20

      18 |    */
      19 |   async goto(path: string): Promise<void> {
    > 20 |     await this.page.goto(`${this.baseURL}${path}`);
         |                     ^
      21 |     await this.waitForPageLoad();
      22 |   }
      23 |
        at LoginPage.goto (/Users/bartlomiejzimny/Projects/accounting/web-e2e/src/pages/base/BasePage.ts:20:21)
        at LoginPage.goto (/Users/bartlomiejzimny/Projects/accounting/web-e2e/src/pages/auth/LoginPage.ts:30:17)
        at LoginPage.loginAsAdmin (/Users/bartlomiejzimny/Projects/accounting/web-e2e/src/pages/auth/LoginPage.ts:96:16)
        at Object.authenticatedAdminPage (/Users/bartlomiejzimny/Projects/accounting/web-e2e/src/fixtures/auth.fixtures.ts:35:21)
]]>
</failure>
</testcase>
<testcase name="Admin - Module Management › should toggle module status" classname="tests/admin-workflows.spec.ts" time="1.268">
<failure message="admin-workflows.spec.ts:300:7 should toggle module status" type="FAILURE">
<![CDATA[  [chromium] › tests/admin-workflows.spec.ts:300:7 › Admin - Module Management › should toggle module status 

    Error: page.goto: net::ERR_CONNECTION_REFUSED at http://localhost:4200/login
    Call log:
      - navigating to "http://localhost:4200/login", waiting until "load"


       at pages/base/BasePage.ts:20

      18 |    */
      19 |   async goto(path: string): Promise<void> {
    > 20 |     await this.page.goto(`${this.baseURL}${path}`);
         |                     ^
      21 |     await this.waitForPageLoad();
      22 |   }
      23 |
        at LoginPage.goto (/Users/bartlomiejzimny/Projects/accounting/web-e2e/src/pages/base/BasePage.ts:20:21)
        at LoginPage.goto (/Users/bartlomiejzimny/Projects/accounting/web-e2e/src/pages/auth/LoginPage.ts:30:17)
        at LoginPage.loginAsAdmin (/Users/bartlomiejzimny/Projects/accounting/web-e2e/src/pages/auth/LoginPage.ts:96:16)
        at Object.authenticatedAdminPage (/Users/bartlomiejzimny/Projects/accounting/web-e2e/src/fixtures/auth.fixtures.ts:35:21)
]]>
</failure>
</testcase>
<testcase name="Admin - Module Management › should view module metadata" classname="tests/admin-workflows.spec.ts" time="1.29">
<failure message="admin-workflows.spec.ts:312:7 should view module metadata" type="FAILURE">
<![CDATA[  [chromium] › tests/admin-workflows.spec.ts:312:7 › Admin - Module Management › should view module metadata 

    Error: page.goto: net::ERR_CONNECTION_REFUSED at http://localhost:4200/login
    Call log:
      - navigating to "http://localhost:4200/login", waiting until "load"


       at pages/base/BasePage.ts:20

      18 |    */
      19 |   async goto(path: string): Promise<void> {
    > 20 |     await this.page.goto(`${this.baseURL}${path}`);
         |                     ^
      21 |     await this.waitForPageLoad();
      22 |   }
      23 |
        at LoginPage.goto (/Users/bartlomiejzimny/Projects/accounting/web-e2e/src/pages/base/BasePage.ts:20:21)
        at LoginPage.goto (/Users/bartlomiejzimny/Projects/accounting/web-e2e/src/pages/auth/LoginPage.ts:30:17)
        at LoginPage.loginAsAdmin (/Users/bartlomiejzimny/Projects/accounting/web-e2e/src/pages/auth/LoginPage.ts:96:16)
        at Object.authenticatedAdminPage (/Users/bartlomiejzimny/Projects/accounting/web-e2e/src/fixtures/auth.fixtures.ts:35:21)
]]>
</failure>
</testcase>
</testsuite>
<testsuite name="tests/auth.spec.ts" timestamp="2025-11-12T08:01:22.534Z" hostname="chromium" tests="23" failures="23" skipped="0" time="26.858" errors="0">
<testcase name="Authentication Tests › should successfully login with valid admin credentials" classname="tests/auth.spec.ts" time="1.163">
<failure message="auth.spec.ts:8:7 should successfully login with valid admin credentials" type="FAILURE">
<![CDATA[  [chromium] › tests/auth.spec.ts:8:7 › Authentication Tests › should successfully login with valid admin credentials 

    Error: page.goto: net::ERR_CONNECTION_REFUSED at http://localhost:4200/login
    Call log:
      - navigating to "http://localhost:4200/login", waiting until "load"


       at pages/base/BasePage.ts:20

      18 |    */
      19 |   async goto(path: string): Promise<void> {
    > 20 |     await this.page.goto(`${this.baseURL}${path}`);
         |                     ^
      21 |     await this.waitForPageLoad();
      22 |   }
      23 |
        at LoginPage.goto (/Users/bartlomiejzimny/Projects/accounting/web-e2e/src/pages/base/BasePage.ts:20:21)
        at LoginPage.goto (/Users/bartlomiejzimny/Projects/accounting/web-e2e/src/pages/auth/LoginPage.ts:30:17)
        at /Users/bartlomiejzimny/Projects/accounting/web-e2e/src/tests/auth.spec.ts:12:21
]]>
</failure>
</testcase>
<testcase name="Authentication Tests › should successfully login with valid company owner credentials" classname="tests/auth.spec.ts" time="1.142">
<failure message="auth.spec.ts:19:7 should successfully login with valid company owner credentials" type="FAILURE">
<![CDATA[  [chromium] › tests/auth.spec.ts:19:7 › Authentication Tests › should successfully login with valid company owner credentials 

    Error: page.goto: net::ERR_CONNECTION_REFUSED at http://localhost:4200/login
    Call log:
      - navigating to "http://localhost:4200/login", waiting until "load"


       at pages/base/BasePage.ts:20

      18 |    */
      19 |   async goto(path: string): Promise<void> {
    > 20 |     await this.page.goto(`${this.baseURL}${path}`);
         |                     ^
      21 |     await this.waitForPageLoad();
      22 |   }
      23 |
        at LoginPage.goto (/Users/bartlomiejzimny/Projects/accounting/web-e2e/src/pages/base/BasePage.ts:20:21)
        at LoginPage.goto (/Users/bartlomiejzimny/Projects/accounting/web-e2e/src/pages/auth/LoginPage.ts:30:17)
        at /Users/bartlomiejzimny/Projects/accounting/web-e2e/src/tests/auth.spec.ts:22:21
]]>
</failure>
</testcase>
<testcase name="Authentication Tests › should successfully login with valid employee credentials" classname="tests/auth.spec.ts" time="1.236">
<failure message="auth.spec.ts:28:7 should successfully login with valid employee credentials" type="FAILURE">
<![CDATA[  [chromium] › tests/auth.spec.ts:28:7 › Authentication Tests › should successfully login with valid employee credentials 

    Error: page.goto: net::ERR_CONNECTION_REFUSED at http://localhost:4200/login
    Call log:
      - navigating to "http://localhost:4200/login", waiting until "load"


       at pages/base/BasePage.ts:20

      18 |    */
      19 |   async goto(path: string): Promise<void> {
    > 20 |     await this.page.goto(`${this.baseURL}${path}`);
         |                     ^
      21 |     await this.waitForPageLoad();
      22 |   }
      23 |
        at LoginPage.goto (/Users/bartlomiejzimny/Projects/accounting/web-e2e/src/pages/base/BasePage.ts:20:21)
        at LoginPage.goto (/Users/bartlomiejzimny/Projects/accounting/web-e2e/src/pages/auth/LoginPage.ts:30:17)
        at /Users/bartlomiejzimny/Projects/accounting/web-e2e/src/tests/auth.spec.ts:31:21
]]>
</failure>
</testcase>
<testcase name="Authentication Tests › should fail login with invalid credentials" classname="tests/auth.spec.ts" time="1.241">
<failure message="auth.spec.ts:37:7 should fail login with invalid credentials" type="FAILURE">
<![CDATA[  [chromium] › tests/auth.spec.ts:37:7 › Authentication Tests › should fail login with invalid credentials 

    Error: page.goto: net::ERR_CONNECTION_REFUSED at http://localhost:4200/login
    Call log:
      - navigating to "http://localhost:4200/login", waiting until "load"


       at pages/base/BasePage.ts:20

      18 |    */
      19 |   async goto(path: string): Promise<void> {
    > 20 |     await this.page.goto(`${this.baseURL}${path}`);
         |                     ^
      21 |     await this.waitForPageLoad();
      22 |   }
      23 |
        at LoginPage.goto (/Users/bartlomiejzimny/Projects/accounting/web-e2e/src/pages/base/BasePage.ts:20:21)
        at LoginPage.goto (/Users/bartlomiejzimny/Projects/accounting/web-e2e/src/pages/auth/LoginPage.ts:30:17)
        at /Users/bartlomiejzimny/Projects/accounting/web-e2e/src/tests/auth.spec.ts:40:21
]]>
</failure>
</testcase>
<testcase name="Authentication Tests › should fail login with non-existent user" classname="tests/auth.spec.ts" time="1.226">
<failure message="auth.spec.ts:47:7 should fail login with non-existent user" type="FAILURE">
<![CDATA[  [chromium] › tests/auth.spec.ts:47:7 › Authentication Tests › should fail login with non-existent user 

    Error: page.goto: net::ERR_CONNECTION_REFUSED at http://localhost:4200/login
    Call log:
      - navigating to "http://localhost:4200/login", waiting until "load"


       at pages/base/BasePage.ts:20

      18 |    */
      19 |   async goto(path: string): Promise<void> {
    > 20 |     await this.page.goto(`${this.baseURL}${path}`);
         |                     ^
      21 |     await this.waitForPageLoad();
      22 |   }
      23 |
        at LoginPage.goto (/Users/bartlomiejzimny/Projects/accounting/web-e2e/src/pages/base/BasePage.ts:20:21)
        at LoginPage.goto (/Users/bartlomiejzimny/Projects/accounting/web-e2e/src/pages/auth/LoginPage.ts:30:17)
        at /Users/bartlomiejzimny/Projects/accounting/web-e2e/src/tests/auth.spec.ts:50:21
]]>
</failure>
</testcase>
<testcase name="Authentication Tests › should persist token after page reload" classname="tests/auth.spec.ts" time="1.13">
<failure message="auth.spec.ts:56:7 should persist token after page reload" type="FAILURE">
<![CDATA[  [chromium] › tests/auth.spec.ts:56:7 › Authentication Tests › should persist token after page reload 

    Error: page.goto: net::ERR_CONNECTION_REFUSED at http://localhost:4200/login
    Call log:
      - navigating to "http://localhost:4200/login", waiting until "load"


       at pages/base/BasePage.ts:20

      18 |    */
      19 |   async goto(path: string): Promise<void> {
    > 20 |     await this.page.goto(`${this.baseURL}${path}`);
         |                     ^
      21 |     await this.waitForPageLoad();
      22 |   }
      23 |
        at LoginPage.goto (/Users/bartlomiejzimny/Projects/accounting/web-e2e/src/pages/base/BasePage.ts:20:21)
        at LoginPage.goto (/Users/bartlomiejzimny/Projects/accounting/web-e2e/src/pages/auth/LoginPage.ts:30:17)
        at /Users/bartlomiejzimny/Projects/accounting/web-e2e/src/tests/auth.spec.ts:60:21
]]>
</failure>
</testcase>
<testcase name="Authentication Tests › should logout successfully" classname="tests/auth.spec.ts" time="1.141">
<failure message="auth.spec.ts:72:7 should logout successfully" type="FAILURE">
<![CDATA[  [chromium] › tests/auth.spec.ts:72:7 › Authentication Tests › should logout successfully ─────────

    Error: page.goto: net::ERR_CONNECTION_REFUSED at http://localhost:4200/login
    Call log:
      - navigating to "http://localhost:4200/login", waiting until "load"


       at pages/base/BasePage.ts:20

      18 |    */
      19 |   async goto(path: string): Promise<void> {
    > 20 |     await this.page.goto(`${this.baseURL}${path}`);
         |                     ^
      21 |     await this.waitForPageLoad();
      22 |   }
      23 |
        at LoginPage.goto (/Users/bartlomiejzimny/Projects/accounting/web-e2e/src/pages/base/BasePage.ts:20:21)
        at LoginPage.goto (/Users/bartlomiejzimny/Projects/accounting/web-e2e/src/pages/auth/LoginPage.ts:30:17)
        at LoginPage.loginAsAdmin (/Users/bartlomiejzimny/Projects/accounting/web-e2e/src/pages/auth/LoginPage.ts:96:16)
        at Object.authenticatedAdminPage (/Users/bartlomiejzimny/Projects/accounting/web-e2e/src/fixtures/auth.fixtures.ts:35:21)
]]>
</failure>
</testcase>
<testcase name="Authentication Tests › should redirect to login when unauthenticated" classname="tests/auth.spec.ts" time="1.179">
<failure message="auth.spec.ts:82:7 should redirect to login when unauthenticated" type="FAILURE">
<![CDATA[  [chromium] › tests/auth.spec.ts:82:7 › Authentication Tests › should redirect to login when unauthenticated 

    Error: page.goto: net::ERR_CONNECTION_REFUSED at http://localhost:4200/admin
    Call log:
      - navigating to "http://localhost:4200/admin", waiting until "load"


      81 |
      82 |   test('should redirect to login when unauthenticated', async ({ page }) => {
    > 83 |     await page.goto('/admin');
         |                ^
      84 |     await expect(page).toHaveURL(/\/login/);
      85 |   });
      86 | });
        at /Users/bartlomiejzimny/Projects/accounting/web-e2e/src/tests/auth.spec.ts:83:16
]]>
</failure>
</testcase>
<testcase name="RBAC Enforcement Tests › Admin should access admin routes" classname="tests/auth.spec.ts" time="1.192">
<failure message="auth.spec.ts:89:7 Admin should access admin routes" type="FAILURE">
<![CDATA[  [chromium] › tests/auth.spec.ts:89:7 › RBAC Enforcement Tests › Admin should access admin routes ─

    Error: page.goto: net::ERR_CONNECTION_REFUSED at http://localhost:4200/login
    Call log:
      - navigating to "http://localhost:4200/login", waiting until "load"


       at pages/base/BasePage.ts:20

      18 |    */
      19 |   async goto(path: string): Promise<void> {
    > 20 |     await this.page.goto(`${this.baseURL}${path}`);
         |                     ^
      21 |     await this.waitForPageLoad();
      22 |   }
      23 |
        at LoginPage.goto (/Users/bartlomiejzimny/Projects/accounting/web-e2e/src/pages/base/BasePage.ts:20:21)
        at LoginPage.goto (/Users/bartlomiejzimny/Projects/accounting/web-e2e/src/pages/auth/LoginPage.ts:30:17)
        at LoginPage.loginAsAdmin (/Users/bartlomiejzimny/Projects/accounting/web-e2e/src/pages/auth/LoginPage.ts:96:16)
        at Object.authenticatedAdminPage (/Users/bartlomiejzimny/Projects/accounting/web-e2e/src/fixtures/auth.fixtures.ts:35:21)
]]>
</failure>
</testcase>
<testcase name="RBAC Enforcement Tests › Admin should not access company routes" classname="tests/auth.spec.ts" time="1.167">
<failure message="auth.spec.ts:99:7 Admin should not access company routes" type="FAILURE">
<![CDATA[  [chromium] › tests/auth.spec.ts:99:7 › RBAC Enforcement Tests › Admin should not access company routes 

    Error: page.goto: net::ERR_CONNECTION_REFUSED at http://localhost:4200/login
    Call log:
      - navigating to "http://localhost:4200/login", waiting until "load"


       at pages/base/BasePage.ts:20

      18 |    */
      19 |   async goto(path: string): Promise<void> {
    > 20 |     await this.page.goto(`${this.baseURL}${path}`);
         |                     ^
      21 |     await this.waitForPageLoad();
      22 |   }
      23 |
        at LoginPage.goto (/Users/bartlomiejzimny/Projects/accounting/web-e2e/src/pages/base/BasePage.ts:20:21)
        at LoginPage.goto (/Users/bartlomiejzimny/Projects/accounting/web-e2e/src/pages/auth/LoginPage.ts:30:17)
        at LoginPage.loginAsAdmin (/Users/bartlomiejzimny/Projects/accounting/web-e2e/src/pages/auth/LoginPage.ts:96:16)
        at Object.authenticatedAdminPage (/Users/bartlomiejzimny/Projects/accounting/web-e2e/src/fixtures/auth.fixtures.ts:35:21)
]]>
</failure>
</testcase>
<testcase name="RBAC Enforcement Tests › Admin should not access employee routes" classname="tests/auth.spec.ts" time="1.138">
<failure message="auth.spec.ts:115:7 Admin should not access employee routes" type="FAILURE">
<![CDATA[  [chromium] › tests/auth.spec.ts:115:7 › RBAC Enforcement Tests › Admin should not access employee routes 

    Error: page.goto: net::ERR_CONNECTION_REFUSED at http://localhost:4200/login
    Call log:
      - navigating to "http://localhost:4200/login", waiting until "load"


       at pages/base/BasePage.ts:20

      18 |    */
      19 |   async goto(path: string): Promise<void> {
    > 20 |     await this.page.goto(`${this.baseURL}${path}`);
         |                     ^
      21 |     await this.waitForPageLoad();
      22 |   }
      23 |
        at LoginPage.goto (/Users/bartlomiejzimny/Projects/accounting/web-e2e/src/pages/base/BasePage.ts:20:21)
        at LoginPage.goto (/Users/bartlomiejzimny/Projects/accounting/web-e2e/src/pages/auth/LoginPage.ts:30:17)
        at LoginPage.loginAsAdmin (/Users/bartlomiejzimny/Projects/accounting/web-e2e/src/pages/auth/LoginPage.ts:96:16)
        at Object.authenticatedAdminPage (/Users/bartlomiejzimny/Projects/accounting/web-e2e/src/fixtures/auth.fixtures.ts:35:21)
]]>
</failure>
</testcase>
<testcase name="RBAC Enforcement Tests › Company Owner should access company routes" classname="tests/auth.spec.ts" time="1.126">
<failure message="auth.spec.ts:122:7 Company Owner should access company routes" type="FAILURE">
<![CDATA[  [chromium] › tests/auth.spec.ts:122:7 › RBAC Enforcement Tests › Company Owner should access company routes 

    Error: page.goto: net::ERR_CONNECTION_REFUSED at http://localhost:4200/login
    Call log:
      - navigating to "http://localhost:4200/login", waiting until "load"


       at pages/base/BasePage.ts:20

      18 |    */
      19 |   async goto(path: string): Promise<void> {
    > 20 |     await this.page.goto(`${this.baseURL}${path}`);
         |                     ^
      21 |     await this.waitForPageLoad();
      22 |   }
      23 |
        at LoginPage.goto (/Users/bartlomiejzimny/Projects/accounting/web-e2e/src/pages/base/BasePage.ts:20:21)
        at LoginPage.goto (/Users/bartlomiejzimny/Projects/accounting/web-e2e/src/pages/auth/LoginPage.ts:30:17)
        at LoginPage.loginAsCompanyOwner (/Users/bartlomiejzimny/Projects/accounting/web-e2e/src/pages/auth/LoginPage.ts:104:16)
        at Object.authenticatedCompanyOwnerPage (/Users/bartlomiejzimny/Projects/accounting/web-e2e/src/fixtures/auth.fixtures.ts:44:21)
]]>
</failure>
</testcase>
<testcase name="RBAC Enforcement Tests › Company Owner should not access admin routes" classname="tests/auth.spec.ts" time="1.159">
<failure message="auth.spec.ts:127:7 Company Owner should not access admin routes" type="FAILURE">
<![CDATA[  [chromium] › tests/auth.spec.ts:127:7 › RBAC Enforcement Tests › Company Owner should not access admin routes 

    Error: page.goto: net::ERR_CONNECTION_REFUSED at http://localhost:4200/login
    Call log:
      - navigating to "http://localhost:4200/login", waiting until "load"


       at pages/base/BasePage.ts:20

      18 |    */
      19 |   async goto(path: string): Promise<void> {
    > 20 |     await this.page.goto(`${this.baseURL}${path}`);
         |                     ^
      21 |     await this.waitForPageLoad();
      22 |   }
      23 |
        at LoginPage.goto (/Users/bartlomiejzimny/Projects/accounting/web-e2e/src/pages/base/BasePage.ts:20:21)
        at LoginPage.goto (/Users/bartlomiejzimny/Projects/accounting/web-e2e/src/pages/auth/LoginPage.ts:30:17)
        at LoginPage.loginAsCompanyOwner (/Users/bartlomiejzimny/Projects/accounting/web-e2e/src/pages/auth/LoginPage.ts:104:16)
        at Object.authenticatedCompanyOwnerPage (/Users/bartlomiejzimny/Projects/accounting/web-e2e/src/fixtures/auth.fixtures.ts:44:21)
]]>
</failure>
</testcase>
<testcase name="RBAC Enforcement Tests › Company Owner should access employee module routes" classname="tests/auth.spec.ts" time="1.18">
<failure message="auth.spec.ts:134:7 Company Owner should access employee module routes" type="FAILURE">
<![CDATA[  [chromium] › tests/auth.spec.ts:134:7 › RBAC Enforcement Tests › Company Owner should access employee module routes 

    Error: page.goto: net::ERR_CONNECTION_REFUSED at http://localhost:4200/login
    Call log:
      - navigating to "http://localhost:4200/login", waiting until "load"


       at pages/base/BasePage.ts:20

      18 |    */
      19 |   async goto(path: string): Promise<void> {
    > 20 |     await this.page.goto(`${this.baseURL}${path}`);
         |                     ^
      21 |     await this.waitForPageLoad();
      22 |   }
      23 |
        at LoginPage.goto (/Users/bartlomiejzimny/Projects/accounting/web-e2e/src/pages/base/BasePage.ts:20:21)
        at LoginPage.goto (/Users/bartlomiejzimny/Projects/accounting/web-e2e/src/pages/auth/LoginPage.ts:30:17)
        at LoginPage.loginAsCompanyOwner (/Users/bartlomiejzimny/Projects/accounting/web-e2e/src/pages/auth/LoginPage.ts:104:16)
        at Object.authenticatedCompanyOwnerPage (/Users/bartlomiejzimny/Projects/accounting/web-e2e/src/fixtures/auth.fixtures.ts:44:21)
]]>
</failure>
</testcase>
<testcase name="RBAC Enforcement Tests › Employee should access granted module routes" classname="tests/auth.spec.ts" time="1.169">
<failure message="auth.spec.ts:141:7 Employee should access granted module routes" type="FAILURE">
<![CDATA[  [chromium] › tests/auth.spec.ts:141:7 › RBAC Enforcement Tests › Employee should access granted module routes 

    Error: page.goto: net::ERR_CONNECTION_REFUSED at http://localhost:4200/login
    Call log:
      - navigating to "http://localhost:4200/login", waiting until "load"


       at pages/base/BasePage.ts:20

      18 |    */
      19 |   async goto(path: string): Promise<void> {
    > 20 |     await this.page.goto(`${this.baseURL}${path}`);
         |                     ^
      21 |     await this.waitForPageLoad();
      22 |   }
      23 |
        at LoginPage.goto (/Users/bartlomiejzimny/Projects/accounting/web-e2e/src/pages/base/BasePage.ts:20:21)
        at LoginPage.goto (/Users/bartlomiejzimny/Projects/accounting/web-e2e/src/pages/auth/LoginPage.ts:30:17)
        at LoginPage.loginAsEmployee (/Users/bartlomiejzimny/Projects/accounting/web-e2e/src/pages/auth/LoginPage.ts:112:16)
        at Object.authenticatedEmployeePage (/Users/bartlomiejzimny/Projects/accounting/web-e2e/src/fixtures/auth.fixtures.ts:53:21)
]]>
</failure>
</testcase>
<testcase name="RBAC Enforcement Tests › Employee should not access admin routes" classname="tests/auth.spec.ts" time="1.128">
<failure message="auth.spec.ts:147:7 Employee should not access admin routes" type="FAILURE">
<![CDATA[  [chromium] › tests/auth.spec.ts:147:7 › RBAC Enforcement Tests › Employee should not access admin routes 

    Error: page.goto: net::ERR_CONNECTION_REFUSED at http://localhost:4200/login
    Call log:
      - navigating to "http://localhost:4200/login", waiting until "load"


       at pages/base/BasePage.ts:20

      18 |    */
      19 |   async goto(path: string): Promise<void> {
    > 20 |     await this.page.goto(`${this.baseURL}${path}`);
         |                     ^
      21 |     await this.waitForPageLoad();
      22 |   }
      23 |
        at LoginPage.goto (/Users/bartlomiejzimny/Projects/accounting/web-e2e/src/pages/base/BasePage.ts:20:21)
        at LoginPage.goto (/Users/bartlomiejzimny/Projects/accounting/web-e2e/src/pages/auth/LoginPage.ts:30:17)
        at LoginPage.loginAsEmployee (/Users/bartlomiejzimny/Projects/accounting/web-e2e/src/pages/auth/LoginPage.ts:112:16)
        at Object.authenticatedEmployeePage (/Users/bartlomiejzimny/Projects/accounting/web-e2e/src/fixtures/auth.fixtures.ts:53:21)
]]>
</failure>
</testcase>
<testcase name="RBAC Enforcement Tests › Employee should not access company owner routes" classname="tests/auth.spec.ts" time="1.141">
<failure message="auth.spec.ts:154:7 Employee should not access company owner routes" type="FAILURE">
<![CDATA[  [chromium] › tests/auth.spec.ts:154:7 › RBAC Enforcement Tests › Employee should not access company owner routes 

    Error: page.goto: net::ERR_CONNECTION_REFUSED at http://localhost:4200/login
    Call log:
      - navigating to "http://localhost:4200/login", waiting until "load"


       at pages/base/BasePage.ts:20

      18 |    */
      19 |   async goto(path: string): Promise<void> {
    > 20 |     await this.page.goto(`${this.baseURL}${path}`);
         |                     ^
      21 |     await this.waitForPageLoad();
      22 |   }
      23 |
        at LoginPage.goto (/Users/bartlomiejzimny/Projects/accounting/web-e2e/src/pages/base/BasePage.ts:20:21)
        at LoginPage.goto (/Users/bartlomiejzimny/Projects/accounting/web-e2e/src/pages/auth/LoginPage.ts:30:17)
        at LoginPage.loginAsEmployee (/Users/bartlomiejzimny/Projects/accounting/web-e2e/src/pages/auth/LoginPage.ts:112:16)
        at Object.authenticatedEmployeePage (/Users/bartlomiejzimny/Projects/accounting/web-e2e/src/fixtures/auth.fixtures.ts:53:21)
]]>
</failure>
</testcase>
<testcase name="RBAC Enforcement Tests › should display unauthorized page for forbidden routes" classname="tests/auth.spec.ts" time="1.182">
<failure message="auth.spec.ts:161:7 should display unauthorized page for forbidden routes" type="FAILURE">
<![CDATA[  [chromium] › tests/auth.spec.ts:161:7 › RBAC Enforcement Tests › should display unauthorized page for forbidden routes 

    Error: page.goto: net::ERR_CONNECTION_REFUSED at http://localhost:4200/login
    Call log:
      - navigating to "http://localhost:4200/login", waiting until "load"


       at pages/base/BasePage.ts:20

      18 |    */
      19 |   async goto(path: string): Promise<void> {
    > 20 |     await this.page.goto(`${this.baseURL}${path}`);
         |                     ^
      21 |     await this.waitForPageLoad();
      22 |   }
      23 |
        at LoginPage.goto (/Users/bartlomiejzimny/Projects/accounting/web-e2e/src/pages/base/BasePage.ts:20:21)
        at LoginPage.goto (/Users/bartlomiejzimny/Projects/accounting/web-e2e/src/pages/auth/LoginPage.ts:30:17)
        at /Users/bartlomiejzimny/Projects/accounting/web-e2e/src/tests/auth.spec.ts:166:21
]]>
</failure>
</testcase>
<testcase name="RBAC Enforcement Tests › should show 404 for non-existent routes" classname="tests/auth.spec.ts" time="1.189">
<failure message="auth.spec.ts:177:7 should show 404 for non-existent routes" type="FAILURE">
<![CDATA[  [chromium] › tests/auth.spec.ts:177:7 › RBAC Enforcement Tests › should show 404 for non-existent routes 

    Error: page.goto: net::ERR_CONNECTION_REFUSED at http://localhost:4200/login
    Call log:
      - navigating to "http://localhost:4200/login", waiting until "load"


       at pages/base/BasePage.ts:20

      18 |    */
      19 |   async goto(path: string): Promise<void> {
    > 20 |     await this.page.goto(`${this.baseURL}${path}`);
         |                     ^
      21 |     await this.waitForPageLoad();
      22 |   }
      23 |
        at LoginPage.goto (/Users/bartlomiejzimny/Projects/accounting/web-e2e/src/pages/base/BasePage.ts:20:21)
        at LoginPage.goto (/Users/bartlomiejzimny/Projects/accounting/web-e2e/src/pages/auth/LoginPage.ts:30:17)
        at LoginPage.loginAsAdmin (/Users/bartlomiejzimny/Projects/accounting/web-e2e/src/pages/auth/LoginPage.ts:96:16)
        at Object.authenticatedAdminPage (/Users/bartlomiejzimny/Projects/accounting/web-e2e/src/fixtures/auth.fixtures.ts:35:21)
]]>
</failure>
</testcase>
<testcase name="RBAC Enforcement Tests › should show role-based navigation menu" classname="tests/auth.spec.ts" time="1.175">
<failure message="auth.spec.ts:185:7 should show role-based navigation menu" type="FAILURE">
<![CDATA[  [chromium] › tests/auth.spec.ts:185:7 › RBAC Enforcement Tests › should show role-based navigation menu 

    Error: page.goto: net::ERR_CONNECTION_REFUSED at http://localhost:4200/login
    Call log:
      - navigating to "http://localhost:4200/login", waiting until "load"


       at pages/base/BasePage.ts:20

      18 |    */
      19 |   async goto(path: string): Promise<void> {
    > 20 |     await this.page.goto(`${this.baseURL}${path}`);
         |                     ^
      21 |     await this.waitForPageLoad();
      22 |   }
      23 |
        at LoginPage.goto (/Users/bartlomiejzimny/Projects/accounting/web-e2e/src/pages/base/BasePage.ts:20:21)
        at LoginPage.goto (/Users/bartlomiejzimny/Projects/accounting/web-e2e/src/pages/auth/LoginPage.ts:30:17)
        at LoginPage.loginAsAdmin (/Users/bartlomiejzimny/Projects/accounting/web-e2e/src/pages/auth/LoginPage.ts:96:16)
        at Object.authenticatedAdminPage (/Users/bartlomiejzimny/Projects/accounting/web-e2e/src/fixtures/auth.fixtures.ts:35:21)
]]>
</failure>
</testcase>
<testcase name="RBAC Enforcement Tests › should prevent access after token expires" classname="tests/auth.spec.ts" time="1.126">
<failure message="auth.spec.ts:195:7 should prevent access after token expires" type="FAILURE">
<![CDATA[  [chromium] › tests/auth.spec.ts:195:7 › RBAC Enforcement Tests › should prevent access after token expires 

    Error: page.goto: net::ERR_CONNECTION_REFUSED at http://localhost:4200/login
    Call log:
      - navigating to "http://localhost:4200/login", waiting until "load"


       at pages/base/BasePage.ts:20

      18 |    */
      19 |   async goto(path: string): Promise<void> {
    > 20 |     await this.page.goto(`${this.baseURL}${path}`);
         |                     ^
      21 |     await this.waitForPageLoad();
      22 |   }
      23 |
        at LoginPage.goto (/Users/bartlomiejzimny/Projects/accounting/web-e2e/src/pages/base/BasePage.ts:20:21)
        at LoginPage.goto (/Users/bartlomiejzimny/Projects/accounting/web-e2e/src/pages/auth/LoginPage.ts:30:17)
        at /Users/bartlomiejzimny/Projects/accounting/web-e2e/src/tests/auth.spec.ts:198:21
]]>
</failure>
</testcase>
<testcase name="Multi-tenant Isolation › Company A employee should only see Company A data" classname="tests/auth.spec.ts" time="1.138">
<failure message="auth.spec.ts:216:7 Company A employee should only see Company A data" type="FAILURE">
<![CDATA[  [chromium] › tests/auth.spec.ts:216:7 › Multi-tenant Isolation › Company A employee should only see Company A data 

    Error: page.goto: net::ERR_CONNECTION_REFUSED at http://localhost:4200/login
    Call log:
      - navigating to "http://localhost:4200/login", waiting until "load"


       at pages/base/BasePage.ts:20

      18 |    */
      19 |   async goto(path: string): Promise<void> {
    > 20 |     await this.page.goto(`${this.baseURL}${path}`);
         |                     ^
      21 |     await this.waitForPageLoad();
      22 |   }
      23 |
        at LoginPage.goto (/Users/bartlomiejzimny/Projects/accounting/web-e2e/src/pages/base/BasePage.ts:20:21)
        at LoginPage.goto (/Users/bartlomiejzimny/Projects/accounting/web-e2e/src/pages/auth/LoginPage.ts:30:17)
        at /Users/bartlomiejzimny/Projects/accounting/web-e2e/src/tests/auth.spec.ts:220:21
]]>
</failure>
</testcase>
<testcase name="Multi-tenant Isolation › Company B employee should not see Company A data" classname="tests/auth.spec.ts" time="1.19">
<failure message="auth.spec.ts:231:7 Company B employee should not see Company A data" type="FAILURE">
<![CDATA[  [chromium] › tests/auth.spec.ts:231:7 › Multi-tenant Isolation › Company B employee should not see Company A data 

    Error: page.goto: net::ERR_CONNECTION_REFUSED at http://localhost:4200/login
    Call log:
      - navigating to "http://localhost:4200/login", waiting until "load"


       at pages/base/BasePage.ts:20

      18 |    */
      19 |   async goto(path: string): Promise<void> {
    > 20 |     await this.page.goto(`${this.baseURL}${path}`);
         |                     ^
      21 |     await this.waitForPageLoad();
      22 |   }
      23 |
        at LoginPage.goto (/Users/bartlomiejzimny/Projects/accounting/web-e2e/src/pages/base/BasePage.ts:20:21)
        at LoginPage.goto (/Users/bartlomiejzimny/Projects/accounting/web-e2e/src/pages/auth/LoginPage.ts:30:17)
        at /Users/bartlomiejzimny/Projects/accounting/web-e2e/src/tests/auth.spec.ts:235:21
]]>
</failure>
</testcase>
</testsuite>
<testsuite name="tests/company-owner-workflows.spec.ts" timestamp="2025-11-12T08:01:22.534Z" hostname="chromium" tests="25" failures="25" skipped="0" time="28.994" errors="0">
<testcase name="Company Owner - Employee Management › should view employees list" classname="tests/company-owner-workflows.spec.ts" time="1.18">
<failure message="company-owner-workflows.spec.ts:8:7 should view employees list" type="FAILURE">
<![CDATA[  [chromium] › tests/company-owner-workflows.spec.ts:8:7 › Company Owner - Employee Management › should view employees list 

    Error: page.goto: net::ERR_CONNECTION_REFUSED at http://localhost:4200/login
    Call log:
      - navigating to "http://localhost:4200/login", waiting until "load"


       at pages/base/BasePage.ts:20

      18 |    */
      19 |   async goto(path: string): Promise<void> {
    > 20 |     await this.page.goto(`${this.baseURL}${path}`);
         |                     ^
      21 |     await this.waitForPageLoad();
      22 |   }
      23 |
        at LoginPage.goto (/Users/bartlomiejzimny/Projects/accounting/web-e2e/src/pages/base/BasePage.ts:20:21)
        at LoginPage.goto (/Users/bartlomiejzimny/Projects/accounting/web-e2e/src/pages/auth/LoginPage.ts:30:17)
        at LoginPage.loginAsCompanyOwner (/Users/bartlomiejzimny/Projects/accounting/web-e2e/src/pages/auth/LoginPage.ts:104:16)
        at Object.authenticatedCompanyOwnerPage (/Users/bartlomiejzimny/Projects/accounting/web-e2e/src/fixtures/auth.fixtures.ts:44:21)
]]>
</failure>
</testcase>
<testcase name="Company Owner - Employee Management › should create new employee" classname="tests/company-owner-workflows.spec.ts" time="1.169">
<failure message="company-owner-workflows.spec.ts:16:7 should create new employee" type="FAILURE">
<![CDATA[  [chromium] › tests/company-owner-workflows.spec.ts:16:7 › Company Owner - Employee Management › should create new employee 

    Error: page.goto: net::ERR_CONNECTION_REFUSED at http://localhost:4200/login
    Call log:
      - navigating to "http://localhost:4200/login", waiting until "load"


       at pages/base/BasePage.ts:20

      18 |    */
      19 |   async goto(path: string): Promise<void> {
    > 20 |     await this.page.goto(`${this.baseURL}${path}`);
         |                     ^
      21 |     await this.waitForPageLoad();
      22 |   }
      23 |
        at LoginPage.goto (/Users/bartlomiejzimny/Projects/accounting/web-e2e/src/pages/base/BasePage.ts:20:21)
        at LoginPage.goto (/Users/bartlomiejzimny/Projects/accounting/web-e2e/src/pages/auth/LoginPage.ts:30:17)
        at LoginPage.loginAsCompanyOwner (/Users/bartlomiejzimny/Projects/accounting/web-e2e/src/pages/auth/LoginPage.ts:104:16)
        at Object.authenticatedCompanyOwnerPage (/Users/bartlomiejzimny/Projects/accounting/web-e2e/src/fixtures/auth.fixtures.ts:44:21)
]]>
</failure>
</testcase>
<testcase name="Company Owner - Employee Management › should search employees" classname="tests/company-owner-workflows.spec.ts" time="1.126">
<failure message="company-owner-workflows.spec.ts:26:7 should search employees" type="FAILURE">
<![CDATA[  [chromium] › tests/company-owner-workflows.spec.ts:26:7 › Company Owner - Employee Management › should search employees 

    Error: page.goto: net::ERR_CONNECTION_REFUSED at http://localhost:4200/login
    Call log:
      - navigating to "http://localhost:4200/login", waiting until "load"


       at pages/base/BasePage.ts:20

      18 |    */
      19 |   async goto(path: string): Promise<void> {
    > 20 |     await this.page.goto(`${this.baseURL}${path}`);
         |                     ^
      21 |     await this.waitForPageLoad();
      22 |   }
      23 |
        at LoginPage.goto (/Users/bartlomiejzimny/Projects/accounting/web-e2e/src/pages/base/BasePage.ts:20:21)
        at LoginPage.goto (/Users/bartlomiejzimny/Projects/accounting/web-e2e/src/pages/auth/LoginPage.ts:30:17)
        at LoginPage.loginAsCompanyOwner (/Users/bartlomiejzimny/Projects/accounting/web-e2e/src/pages/auth/LoginPage.ts:104:16)
        at Object.authenticatedCompanyOwnerPage (/Users/bartlomiejzimny/Projects/accounting/web-e2e/src/fixtures/auth.fixtures.ts:44:21)
]]>
</failure>
</testcase>
<testcase name="Company Owner - Employee Management › should update employee details" classname="tests/company-owner-workflows.spec.ts" time="1.139">
<failure message="company-owner-workflows.spec.ts:35:7 should update employee details" type="FAILURE">
<![CDATA[  [chromium] › tests/company-owner-workflows.spec.ts:35:7 › Company Owner - Employee Management › should update employee details 

    Error: page.goto: net::ERR_CONNECTION_REFUSED at http://localhost:4200/login
    Call log:
      - navigating to "http://localhost:4200/login", waiting until "load"


       at pages/base/BasePage.ts:20

      18 |    */
      19 |   async goto(path: string): Promise<void> {
    > 20 |     await this.page.goto(`${this.baseURL}${path}`);
         |                     ^
      21 |     await this.waitForPageLoad();
      22 |   }
      23 |
        at LoginPage.goto (/Users/bartlomiejzimny/Projects/accounting/web-e2e/src/pages/base/BasePage.ts:20:21)
        at LoginPage.goto (/Users/bartlomiejzimny/Projects/accounting/web-e2e/src/pages/auth/LoginPage.ts:30:17)
        at LoginPage.loginAsCompanyOwner (/Users/bartlomiejzimny/Projects/accounting/web-e2e/src/pages/auth/LoginPage.ts:104:16)
        at Object.authenticatedCompanyOwnerPage (/Users/bartlomiejzimny/Projects/accounting/web-e2e/src/fixtures/auth.fixtures.ts:44:21)
]]>
</failure>
</testcase>
<testcase name="Company Owner - Employee Management › should delete employee" classname="tests/company-owner-workflows.spec.ts" time="1.175">
<failure message="company-owner-workflows.spec.ts:47:7 should delete employee" type="FAILURE">
<![CDATA[  [chromium] › tests/company-owner-workflows.spec.ts:47:7 › Company Owner - Employee Management › should delete employee 

    Error: page.goto: net::ERR_CONNECTION_REFUSED at http://localhost:4200/login
    Call log:
      - navigating to "http://localhost:4200/login", waiting until "load"


       at pages/base/BasePage.ts:20

      18 |    */
      19 |   async goto(path: string): Promise<void> {
    > 20 |     await this.page.goto(`${this.baseURL}${path}`);
         |                     ^
      21 |     await this.waitForPageLoad();
      22 |   }
      23 |
        at LoginPage.goto (/Users/bartlomiejzimny/Projects/accounting/web-e2e/src/pages/base/BasePage.ts:20:21)
        at LoginPage.goto (/Users/bartlomiejzimny/Projects/accounting/web-e2e/src/pages/auth/LoginPage.ts:30:17)
        at LoginPage.loginAsCompanyOwner (/Users/bartlomiejzimny/Projects/accounting/web-e2e/src/pages/auth/LoginPage.ts:104:16)
        at Object.authenticatedCompanyOwnerPage (/Users/bartlomiejzimny/Projects/accounting/web-e2e/src/fixtures/auth.fixtures.ts:44:21)
]]>
</failure>
</testcase>
<testcase name="Company Owner - Employee Management › should validate employee email" classname="tests/company-owner-workflows.spec.ts" time="1.183">
<failure message="company-owner-workflows.spec.ts:60:7 should validate employee email" type="FAILURE">
<![CDATA[  [chromium] › tests/company-owner-workflows.spec.ts:60:7 › Company Owner - Employee Management › should validate employee email 

    Error: page.goto: net::ERR_CONNECTION_REFUSED at http://localhost:4200/login
    Call log:
      - navigating to "http://localhost:4200/login", waiting until "load"


       at pages/base/BasePage.ts:20

      18 |    */
      19 |   async goto(path: string): Promise<void> {
    > 20 |     await this.page.goto(`${this.baseURL}${path}`);
         |                     ^
      21 |     await this.waitForPageLoad();
      22 |   }
      23 |
        at LoginPage.goto (/Users/bartlomiejzimny/Projects/accounting/web-e2e/src/pages/base/BasePage.ts:20:21)
        at LoginPage.goto (/Users/bartlomiejzimny/Projects/accounting/web-e2e/src/pages/auth/LoginPage.ts:30:17)
        at LoginPage.loginAsCompanyOwner (/Users/bartlomiejzimny/Projects/accounting/web-e2e/src/pages/auth/LoginPage.ts:104:16)
        at Object.authenticatedCompanyOwnerPage (/Users/bartlomiejzimny/Projects/accounting/web-e2e/src/fixtures/auth.fixtures.ts:44:21)
]]>
</failure>
</testcase>
<testcase name="Company Owner - Employee Management › should not create employee for other company" classname="tests/company-owner-workflows.spec.ts" time="1.191">
<failure message="company-owner-workflows.spec.ts:75:7 should not create employee for other company" type="FAILURE">
<![CDATA[  [chromium] › tests/company-owner-workflows.spec.ts:75:7 › Company Owner - Employee Management › should not create employee for other company 

    Error: page.goto: net::ERR_CONNECTION_REFUSED at http://localhost:4200/login
    Call log:
      - navigating to "http://localhost:4200/login", waiting until "load"


       at pages/base/BasePage.ts:20

      18 |    */
      19 |   async goto(path: string): Promise<void> {
    > 20 |     await this.page.goto(`${this.baseURL}${path}`);
         |                     ^
      21 |     await this.waitForPageLoad();
      22 |   }
      23 |
        at LoginPage.goto (/Users/bartlomiejzimny/Projects/accounting/web-e2e/src/pages/base/BasePage.ts:20:21)
        at LoginPage.goto (/Users/bartlomiejzimny/Projects/accounting/web-e2e/src/pages/auth/LoginPage.ts:30:17)
        at LoginPage.loginAsCompanyOwner (/Users/bartlomiejzimny/Projects/accounting/web-e2e/src/pages/auth/LoginPage.ts:104:16)
        at Object.authenticatedCompanyOwnerPage (/Users/bartlomiejzimny/Projects/accounting/web-e2e/src/fixtures/auth.fixtures.ts:44:21)
]]>
</failure>
</testcase>
<testcase name="Company Owner - Employee Management › should navigate to employee permissions" classname="tests/company-owner-workflows.spec.ts" time="1.126">
<failure message="company-owner-workflows.spec.ts:90:7 should navigate to employee permissions" type="FAILURE">
<![CDATA[  [chromium] › tests/company-owner-workflows.spec.ts:90:7 › Company Owner - Employee Management › should navigate to employee permissions 

    Error: page.goto: net::ERR_CONNECTION_REFUSED at http://localhost:4200/login
    Call log:
[...]
<![CDATA[  [webkit] › tests/auth.spec.ts:161:7 › RBAC Enforcement Tests › should display unauthorized page for forbidden routes 

    Error: page.goto: Could not connect to the server.
    Call log:
      - navigating to "http://localhost:4200/login", waiting until "load"


       at pages/base/BasePage.ts:20

      18 |    */
      19 |   async goto(path: string): Promise<void> {
    > 20 |     await this.page.goto(`${this.baseURL}${path}`);
         |                     ^
      21 |     await this.waitForPageLoad();
      22 |   }
      23 |
        at LoginPage.goto (/Users/bartlomiejzimny/Projects/accounting/web-e2e/src/pages/base/BasePage.ts:20:21)
        at LoginPage.goto (/Users/bartlomiejzimny/Projects/accounting/web-e2e/src/pages/auth/LoginPage.ts:30:17)
        at /Users/bartlomiejzimny/Projects/accounting/web-e2e/src/tests/auth.spec.ts:166:21
]]>
</failure>
</testcase>
<testcase name="RBAC Enforcement Tests › should show 404 for non-existent routes" classname="tests/auth.spec.ts" time="0.695">
<failure message="auth.spec.ts:177:7 should show 404 for non-existent routes" type="FAILURE">
<![CDATA[  [webkit] › tests/auth.spec.ts:177:7 › RBAC Enforcement Tests › should show 404 for non-existent routes 

    Error: page.goto: Could not connect to the server.
    Call log:
      - navigating to "http://localhost:4200/login", waiting until "load"


       at pages/base/BasePage.ts:20

      18 |    */
      19 |   async goto(path: string): Promise<void> {
    > 20 |     await this.page.goto(`${this.baseURL}${path}`);
         |                     ^
      21 |     await this.waitForPageLoad();
      22 |   }
      23 |
        at LoginPage.goto (/Users/bartlomiejzimny/Projects/accounting/web-e2e/src/pages/base/BasePage.ts:20:21)
        at LoginPage.goto (/Users/bartlomiejzimny/Projects/accounting/web-e2e/src/pages/auth/LoginPage.ts:30:17)
        at LoginPage.loginAsAdmin (/Users/bartlomiejzimny/Projects/accounting/web-e2e/src/pages/auth/LoginPage.ts:96:16)
        at Object.authenticatedAdminPage (/Users/bartlomiejzimny/Projects/accounting/web-e2e/src/fixtures/auth.fixtures.ts:35:21)
]]>
</failure>
</testcase>
<testcase name="RBAC Enforcement Tests › should show role-based navigation menu" classname="tests/auth.spec.ts" time="0.694">
<failure message="auth.spec.ts:185:7 should show role-based navigation menu" type="FAILURE">
<![CDATA[  [webkit] › tests/auth.spec.ts:185:7 › RBAC Enforcement Tests › should show role-based navigation menu 

    Error: page.goto: Could not connect to the server.
    Call log:
      - navigating to "http://localhost:4200/login", waiting until "load"


       at pages/base/BasePage.ts:20

      18 |    */
      19 |   async goto(path: string): Promise<void> {
    > 20 |     await this.page.goto(`${this.baseURL}${path}`);
         |                     ^
      21 |     await this.waitForPageLoad();
      22 |   }
      23 |
        at LoginPage.goto (/Users/bartlomiejzimny/Projects/accounting/web-e2e/src/pages/base/BasePage.ts:20:21)
        at LoginPage.goto (/Users/bartlomiejzimny/Projects/accounting/web-e2e/src/pages/auth/LoginPage.ts:30:17)
        at LoginPage.loginAsAdmin (/Users/bartlomiejzimny/Projects/accounting/web-e2e/src/pages/auth/LoginPage.ts:96:16)
        at Object.authenticatedAdminPage (/Users/bartlomiejzimny/Projects/accounting/web-e2e/src/fixtures/auth.fixtures.ts:35:21)
]]>
</failure>
</testcase>
<testcase name="RBAC Enforcement Tests › should prevent access after token expires" classname="tests/auth.spec.ts" time="0.697">
<failure message="auth.spec.ts:195:7 should prevent access after token expires" type="FAILURE">
<![CDATA[  [webkit] › tests/auth.spec.ts:195:7 › RBAC Enforcement Tests › should prevent access after token expires 

    Error: page.goto: Could not connect to the server.
    Call log:
      - navigating to "http://localhost:4200/login", waiting until "load"


       at pages/base/BasePage.ts:20

      18 |    */
      19 |   async goto(path: string): Promise<void> {
    > 20 |     await this.page.goto(`${this.baseURL}${path}`);
         |                     ^
      21 |     await this.waitForPageLoad();
      22 |   }
      23 |
        at LoginPage.goto (/Users/bartlomiejzimny/Projects/accounting/web-e2e/src/pages/base/BasePage.ts:20:21)
        at LoginPage.goto (/Users/bartlomiejzimny/Projects/accounting/web-e2e/src/pages/auth/LoginPage.ts:30:17)
        at /Users/bartlomiejzimny/Projects/accounting/web-e2e/src/tests/auth.spec.ts:198:21
]]>
</failure>
</testcase>
<testcase name="Multi-tenant Isolation › Company A employee should only see Company A data" classname="tests/auth.spec.ts" time="0.649">
<failure message="auth.spec.ts:216:7 Company A employee should only see Company A data" type="FAILURE">
<![CDATA[  [webkit] › tests/auth.spec.ts:216:7 › Multi-tenant Isolation › Company A employee should only see Company A data 

    Error: page.goto: Could not connect to the server.
    Call log:
      - navigating to "http://localhost:4200/login", waiting until "load"


       at pages/base/BasePage.ts:20

      18 |    */
      19 |   async goto(path: string): Promise<void> {
    > 20 |     await this.page.goto(`${this.baseURL}${path}`);
         |                     ^
      21 |     await this.waitForPageLoad();
      22 |   }
      23 |
        at LoginPage.goto (/Users/bartlomiejzimny/Projects/accounting/web-e2e/src/pages/base/BasePage.ts:20:21)
        at LoginPage.goto (/Users/bartlomiejzimny/Projects/accounting/web-e2e/src/pages/auth/LoginPage.ts:30:17)
        at /Users/bartlomiejzimny/Projects/accounting/web-e2e/src/tests/auth.spec.ts:220:21
]]>
</failure>
</testcase>
<testcase name="Multi-tenant Isolation › Company B employee should not see Company A data" classname="tests/auth.spec.ts" time="0.668">
<failure message="auth.spec.ts:231:7 Company B employee should not see Company A data" type="FAILURE">
<![CDATA[  [webkit] › tests/auth.spec.ts:231:7 › Multi-tenant Isolation › Company B employee should not see Company A data 

    Error: page.goto: Could not connect to the server.
    Call log:
      - navigating to "http://localhost:4200/login", waiting until "load"


       at pages/base/BasePage.ts:20

      18 |    */
      19 |   async goto(path: string): Promise<void> {
    > 20 |     await this.page.goto(`${this.baseURL}${path}`);
         |                     ^
      21 |     await this.waitForPageLoad();
      22 |   }
      23 |
        at LoginPage.goto (/Users/bartlomiejzimny/Projects/accounting/web-e2e/src/pages/base/BasePage.ts:20:21)
        at LoginPage.goto (/Users/bartlomiejzimny/Projects/accounting/web-e2e/src/pages/auth/LoginPage.ts:30:17)
        at /Users/bartlomiejzimny/Projects/accounting/web-e2e/src/tests/auth.spec.ts:235:21
]]>
</failure>
</testcase>
</testsuite>
<testsuite name="tests/company-owner-workflows.spec.ts" timestamp="2025-11-12T08:01:22.534Z" hostname="webkit" tests="25" failures="0" skipped="25" time="0" errors="0">
<testcase name="Company Owner - Employee Management › should view employees list" classname="tests/company-owner-workflows.spec.ts" time="0">
<skipped>
</skipped>
</testcase>
<testcase name="Company Owner - Employee Management › should create new employee" classname="tests/company-owner-workflows.spec.ts" time="0">
<skipped>
</skipped>
</testcase>
<testcase name="Company Owner - Employee Management › should search employees" classname="tests/company-owner-workflows.spec.ts" time="0">
<skipped>
</skipped>
</testcase>
<testcase name="Company Owner - Employee Management › should update employee details" classname="tests/company-owner-workflows.spec.ts" time="0">
<skipped>
</skipped>
</testcase>
<testcase name="Company Owner - Employee Management › should delete employee" classname="tests/company-owner-workflows.spec.ts" time="0">
<skipped>
</skipped>
</testcase>
<testcase name="Company Owner - Employee Management › should validate employee email" classname="tests/company-owner-workflows.spec.ts" time="0">
<skipped>
</skipped>
</testcase>
<testcase name="Company Owner - Employee Management › should not create employee for other company" classname="tests/company-owner-workflows.spec.ts" time="0">
<skipped>
</skipped>
</testcase>
<testcase name="Company Owner - Employee Management › should navigate to employee permissions" classname="tests/company-owner-workflows.spec.ts" time="0">
<skipped>
</skipped>
</testcase>
<testcase name="Company Owner - Employee Management › should view only own company employees" classname="tests/company-owner-workflows.spec.ts" time="0">
<skipped>
</skipped>
</testcase>
<testcase name="Company Owner - Permission Management › should view employee permissions page" classname="tests/company-owner-workflows.spec.ts" time="0">
<skipped>
</skipped>
</testcase>
<testcase name="Company Owner - Permission Management › should grant read permission" classname="tests/company-owner-workflows.spec.ts" time="0">
<skipped>
</skipped>
</testcase>
<testcase name="Company Owner - Permission Management › should grant write permission" classname="tests/company-owner-workflows.spec.ts" time="0">
<skipped>
</skipped>
</testcase>
<testcase name="Company Owner - Permission Management › should grant delete permission" classname="tests/company-owner-workflows.spec.ts" time="0">
<skipped>
</skipped>
</testcase>
<testcase name="Company Owner - Permission Management › should revoke read permission" classname="tests/company-owner-workflows.spec.ts" time="0">
<skipped>
</skipped>
</testcase>
<testcase name="Company Owner - Permission Management › should revoke write permission" classname="tests/company-owner-workflows.spec.ts" time="0">
<skipped>
</skipped>
</testcase>
<testcase name="Company Owner - Permission Management › should revoke delete permission" classname="tests/company-owner-workflows.spec.ts" time="0">
<skipped>
</skipped>
</testcase>
<testcase name="Company Owner - Permission Management › should grant bulk permissions" classname="tests/company-owner-workflows.spec.ts" time="0">
<skipped>
</skipped>
</testcase>
<testcase name="Company Owner - Permission Management › should validate permission dependencies" classname="tests/company-owner-workflows.spec.ts" time="0">
<skipped>
</skipped>
</testcase>
<testcase name="Company Owner - Permission Management › should reflect permission changes immediately" classname="tests/company-owner-workflows.spec.ts" time="0">
<skipped>
</skipped>
</testcase>
<testcase name="Company Owner - Company Modules › should view available modules" classname="tests/company-owner-workflows.spec.ts" time="0">
<skipped>
</skipped>
</testcase>
<testcase name="Company Owner - Company Modules › should view enabled modules" classname="tests/company-owner-workflows.spec.ts" time="0">
<skipped>
</skipped>
</testcase>
<testcase name="Company Owner - Company Modules › should not enable/disable modules (admin only)" classname="tests/company-owner-workflows.spec.ts" time="0">
<skipped>
</skipped>
</testcase>
<testcase name="Company Owner - Company Modules › should access enabled module" classname="tests/company-owner-workflows.spec.ts" time="0">
<skipped>
</skipped>
</testcase>
<testcase name="Company Owner - Company Modules › should not access disabled module" classname="tests/company-owner-workflows.spec.ts" time="0">
<skipped>
</skipped>
</testcase>
<testcase name="Company Owner - Company Modules › should view module count" classname="tests/company-owner-workflows.spec.ts" time="0">
<skipped>
</skipped>
</testcase>
</testsuite>
<testsuite name="tests/employee-workflows.spec.ts" timestamp="2025-11-12T08:01:22.534Z" hostname="webkit" tests="17" failures="0" skipped="17" time="0" errors="0">
<testcase name="Employee - Modules Dashboard › should view granted modules only" classname="tests/employee-workflows.spec.ts" time="0">
<skipped>
</skipped>
</testcase>
<testcase name="Employee - Modules Dashboard › should display module cards correctly" classname="tests/employee-workflows.spec.ts" time="0">
<skipped>
</skipped>
</testcase>
<testcase name="Employee - Modules Dashboard › should navigate to module from dashboard" classname="tests/employee-workflows.spec.ts" time="0">
<skipped>
</skipped>
</testcase>
<testcase name="Employee - Modules Dashboard › should show empty state when no modules granted" classname="tests/employee-workflows.spec.ts" time="0">
<skipped>
</skipped>
</testcase>
<testcase name="Employee - Simple Text CRUD with Permissions › should view simple text list with read permission" classname="tests/employee-workflows.spec.ts" time="0">
<skipped>
</skipped>
</testcase>
<testcase name="Employee - Simple Text CRUD with Permissions › should not view list without read permission" classname="tests/employee-workflows.spec.ts" time="0">
<skipped>
</skipped>
</testcase>
<testcase name="Employee - Simple Text CRUD with Permissions › should create simple text entry with write permission" classname="tests/employee-workflows.spec.ts" time="0">
<skipped>
</skipped>
</testcase>
<testcase name="Employee - Simple Text CRUD with Permissions › should not create without write permission" classname="tests/employee-workflows.spec.ts" time="0">
<skipped>
</skipped>
</testcase>
<testcase name="Employee - Simple Text CRUD with Permissions › should update simple text entry with write permission" classname="tests/employee-workflows.spec.ts" time="0">
<skipped>
</skipped>
</testcase>
<testcase name="Employee - Simple Text CRUD with Permissions › should delete simple text entry with delete permission" classname="tests/employee-workflows.spec.ts" time="0">
<skipped>
</skipped>
</testcase>
<testcase name="Employee - Simple Text CRUD with Permissions › should not delete without delete permission" classname="tests/employee-workflows.spec.ts" time="0">
<skipped>
</skipped>
</testcase>
<testcase name="Employee - Simple Text CRUD with Permissions › should view simple text details" classname="tests/employee-workflows.spec.ts" time="0">
<skipped>
</skipped>
</testcase>
<testcase name="Employee - Simple Text CRUD with Permissions › should validate required fields" classname="tests/employee-workflows.spec.ts" time="0">
<skipped>
</skipped>
</testcase>
<testcase name="Employee - Simple Text CRUD with Permissions › should validate max length" classname="tests/employee-workflows.spec.ts" time="0">
<skipped>
</skipped>
</testcase>
<testcase name="Employee - Simple Text CRUD with Permissions › should only see own company data (multi-tenant isolation)" classname="tests/employee-workflows.spec.ts" time="0">
<skipped>
</skipped>
</testcase>
<testcase name="Employee - Simple Text CRUD with Permissions › should support pagination" classname="tests/employee-workflows.spec.ts" time="0">
<skipped>
</skipped>
</testcase>
<testcase name="Employee - Simple Text CRUD with Permissions › should support search/filter" classname="tests/employee-workflows.spec.ts" time="0">
<skipped>
</skipped>
</testcase>
</testsuite>
<testsuite name="tests/error-handling.spec.ts" timestamp="2025-11-12T08:01:22.534Z" hostname="webkit" tests="31" failures="0" skipped="31" time="0" errors="0">
<testcase name="Form Validation Tests › should validate email format on login" classname="tests/error-handling.spec.ts" time="0">
<skipped>
</skipped>
</testcase>
<testcase name="Form Validation Tests › should validate password strength" classname="tests/error-handling.spec.ts" time="0">
<skipped>
</skipped>
</testcase>
<testcase name="Form Validation Tests › should validate required fields" classname="tests/error-handling.spec.ts" time="0">
<skipped>
</skipped>
</testcase>
<testcase name="Form Validation Tests › should validate max length constraints" classname="tests/error-handling.spec.ts" time="0">
<skipped>
</skipped>
</testcase>
<testcase name="Form Validation Tests › should handle special characters in input" classname="tests/error-handling.spec.ts" time="0">
<skipped>
</skipped>
</testcase>
<testcase name="Form Validation Tests › should prevent duplicate email" classname="tests/error-handling.spec.ts" time="0">
<skipped>
</skipped>
</testcase>
<testcase name="Form Validation Tests › should validate date formats" classname="tests/error-handling.spec.ts" time="0">
<skipped>
</skipped>
</testcase>
<testcase name="Form Validation Tests › should validate numeric fields" classname="tests/error-handling.spec.ts" time="0">
<skipped>
</skipped>
</testcase>
<testcase name="Form Validation Tests › should clear validation errors on correction" classname="tests/error-handling.spec.ts" time="0">
<skipped>
</skipped>
</testcase>
<testcase name="API Error Handling › should handle 401 Unauthorized response" classname="tests/error-handling.spec.ts" time="0">
<skipped>
</skipped>
</testcase>
<testcase name="API Error Handling › should handle 403 Forbidden response" classname="tests/error-handling.spec.ts" time="0">
<skipped>
</skipped>
</testcase>
<testcase name="API Error Handling › should handle 404 Not Found response" classname="tests/error-handling.spec.ts" time="0">
<skipped>
</skipped>
</testcase>
<testcase name="API Error Handling › should handle 500 Server Error response" classname="tests/error-handling.spec.ts" time="0">
<skipped>
</skipped>
</testcase>
<testcase name="API Error Handling › should handle network timeout" classname="tests/error-handling.spec.ts" time="0">
<skipped>
</skipped>
</testcase>
<testcase name="API Error Handling › should handle token expiration during operation" classname="tests/error-handling.spec.ts" time="0">
<skipped>
</skipped>
</testcase>
<testcase name="API Error Handling › should handle concurrent requests" classname="tests/error-handling.spec.ts" time="0">
<skipped>
</skipped>
</testcase>
<testcase name="API Error Handling › should retry on transient failures" classname="tests/error-handling.spec.ts" time="0">
<skipped>
</skipped>
</testcase>
<testcase name="Edge Cases › should handle empty list states" classname="tests/error-handling.spec.ts" time="0">
<skipped>
</skipped>
</testcase>
<testcase name="Edge Cases › should handle large dataset pagination" classname="tests/error-handling.spec.ts" time="0">
<skipped>
</skipped>
</testcase>
<testcase name="Edge Cases › should handle rapid successive requests" classname="tests/error-handling.spec.ts" time="0">
<skipped>
</skipped>
</testcase>
<testcase name="Edge Cases › should handle browser back/forward navigation" classname="tests/error-handling.spec.ts" time="0">
<skipped>
</skipped>
</testcase>
<testcase name="Edge Cases › should handle page reload during operation" classname="tests/error-handling.spec.ts" time="0">
<skipped>
</skipped>
</testcase>
<testcase name="Edge Cases › should handle multiple tabs with same user" classname="tests/error-handling.spec.ts" time="0">
<skipped>
</skipped>
</testcase>
<testcase name="Edge Cases › should prevent SQL injection" classname="tests/error-handling.spec.ts" time="0">
<skipped>
</skipped>
</testcase>
<testcase name="Edge Cases › should prevent XSS attacks" classname="tests/error-handling.spec.ts" time="0">
<skipped>
</skipped>
</testcase>
<testcase name="Edge Cases › should handle special unicode characters" classname="tests/error-handling.spec.ts" time="0">
<skipped>
</skipped>
</testcase>
<testcase name="Edge Cases › should handle long session without timeout" classname="tests/error-handling.spec.ts" time="0">
<skipped>
</skipped>
</testcase>
<testcase name="Edge Cases › should preserve state across navigation" classname="tests/error-handling.spec.ts" time="0">
<skipped>
</skipped>
</testcase>
<testcase name="Performance Edge Cases › should handle slow network conditions" classname="tests/error-handling.spec.ts" time="0">
<skipped>
</skipped>
</testcase>
<testcase name="Performance Edge Cases › should handle offline mode gracefully" classname="tests/error-handling.spec.ts" time="0">
<skipped>
</skipped>
</testcase>
<testcase name="Performance Edge Cases › should handle large form submissions" classname="tests/error-handling.spec.ts" time="0">
<skipped>
</skipped>
</testcase>
</testsuite>
</testsuites>